#
# There is insufficient memory for the Java Runtime Environment to continue.
# Native memory allocation (malloc) failed to allocate 2273056 bytes for Chunk::new
# Possible reasons:
#   The system is out of physical RAM or swap space
#   The process is running with CompressedOops enabled, and the Java Heap may be blocking the growth of the native heap
# Possible solutions:
#   Reduce memory load on the system
#   Increase physical memory or swap space
#   Check if swap backing store is full
#   Decrease Java heap size (-Xmx/-Xms)
#   Decrease number of Java threads
#   Decrease Java thread stack sizes (-Xss)
#   Set larger code cache with -XX:ReservedCodeCacheSize=
#   JVM is running with Unscaled Compressed Oops mode in which the Java heap is
#     placed in the first 4GB address space. The Java Heap base address is the
#     maximum limit for the native heap growth. Please use -XX:HeapBaseMinAddress
#     to set the Java Heap base and to place the Java Heap above 4GB virtual address.
# This output file may be truncated or incomplete.
#
#  Out of Memory Error (arena.cpp:189), pid=14112, tid=17224
#
# JRE version: OpenJDK Runtime Environment Temurin-17.0.8.1+1 (17.0.8.1+1) (build 17.0.8.1+1)
# Java VM: OpenJDK 64-Bit Server VM Temurin-17.0.8.1+1 (17.0.8.1+1, mixed mode, tiered, compressed oops, compressed class ptrs, parallel gc, windows-amd64)
# No core dump will be written. Minidumps are not enabled by default on client versions of Windows
#

---------------  S U M M A R Y ------------

Command Line: --add-modules=ALL-SYSTEM --add-opens=java.base/java.util=ALL-UNNAMED --add-opens=java.base/java.lang=ALL-UNNAMED --add-opens=java.base/sun.nio.fs=ALL-UNNAMED -Declipse.application=org.eclipse.jdt.ls.core.id1 -Dosgi.bundles.defaultStartLevel=4 -Declipse.product=org.eclipse.jdt.ls.core.product -Djava.import.generatesMetadataFilesAtProjectRoot=false -DDetectVMInstallationsJob.disabled=true -Dfile.encoding=utf8 -XX:+UseParallelGC -XX:GCTimeRatio=4 -XX:AdaptiveSizePolicyWeight=90 -Dsun.zip.disableMemoryMapping=true -Xmx1G -Xms100m -Xlog:disable -javaagent:c:\Users\ACER\.vscode\extensions\redhat.java-1.24.0-win32-x64\lombok\lombok-1.18.30.jar -XX:+HeapDumpOnOutOfMemoryError -XX:HeapDumpPath=c:\Users\ACER\AppData\Roaming\Code\User\workspaceStorage\2718e3623346e9ab750e71ee6b83b2c8\redhat.java -Daether.dependencyCollector.impl=bf c:\Users\ACER\.vscode\extensions\redhat.java-1.24.0-win32-x64\server\plugins\org.eclipse.equinox.launcher_1.6.500.v20230717-2134.jar -configuration c:\Users\ACER\AppData\Roaming\Code\User\globalStorage\redhat.java\1.24.0\config_win -data c:\Users\ACER\AppData\Roaming\Code\User\workspaceStorage\2718e3623346e9ab750e71ee6b83b2c8\redhat.java\jdt_ws --stdio

Host: AMD Ryzen 5 5500U with Radeon Graphics         , 12 cores, 7G,  Windows 11 , 64 bit Build 22621 (10.0.22621.2428)
Time: Fri Nov 17 00:35:41 2023 SE Asia Standard Time elapsed time: 23.539286 seconds (0d 0h 0m 23s)

---------------  T H R E A D  ---------------

Current thread (0x000002a97d0c6070):  JavaThread "C2 CompilerThread0" daemon [_thread_in_native, id=17224, stack(0x000000d003600000,0x000000d003700000)]


Current CompileTask:
C2:  23539 8153       4       lombok.core.AST::buildWithField (21 bytes)

Stack: [0x000000d003600000,0x000000d003700000]
Native frames: (J=compiled Java code, j=interpreted, Vv=VM code, C=native code)
V  [jvm.dll+0x678b0a]
V  [jvm.dll+0x835e84]
V  [jvm.dll+0x83762e]
V  [jvm.dll+0x837c93]
V  [jvm.dll+0x24746f]
V  [jvm.dll+0xac20c]
V  [jvm.dll+0xac7dc]
V  [jvm.dll+0x365ca7]
V  [jvm.dll+0x1bd1f8]
V  [jvm.dll+0x219d49]
V  [jvm.dll+0x219011]
V  [jvm.dll+0x1a534d]
V  [jvm.dll+0x228d8a]
V  [jvm.dll+0x226dcc]
V  [jvm.dll+0x7ec09b]
V  [jvm.dll+0x7e64ca]
V  [jvm.dll+0x677955]
C  [ucrtbase.dll+0x29363]
C  [KERNEL32.DLL+0x1257d]
C  [ntdll.dll+0x5aa78]


---------------  P R O C E S S  ---------------

Threads class SMR info:
_java_thread_list=0x000002a97f660db0, length=31, elements={
0x000002a9771ae990, 0x000002a97c012020, 0x000002a97c0147e0, 0x000002a97d0c0f20,
0x000002a97d0c1a50, 0x000002a97d0c27e0, 0x000002a97d0c32b0, 0x000002a97d0c6070,
0x000002a97c017fa0, 0x000002a97c01dc50, 0x000002a977217630, 0x000002a97d3ba460,
0x000002a97f162870, 0x000002a97f121380, 0x000002a97f121b10, 0x000002a97f90b840,
0x000002a97f8a2f10, 0x000002a97f8a24f0, 0x000002a97f8a3930, 0x000002a97f8a15c0,
0x000002a97eeb5850, 0x000002a97f8a3420, 0x000002a97f8a3e40, 0x000002a97f8a0ba0,
0x000002a97f8a1ad0, 0x000002a97fd17b50, 0x000002a97fd143a0, 0x000002a97fd13470,
0x000002a97fd17640, 0x000002a97fd12540, 0x000002a914ccf360
}

Java Threads: ( => current thread )
  0x000002a9771ae990 JavaThread "main" [_thread_blocked, id=16344, stack(0x000000d002d00000,0x000000d002e00000)]
  0x000002a97c012020 JavaThread "Reference Handler" daemon [_thread_blocked, id=16156, stack(0x000000d003000000,0x000000d003100000)]
  0x000002a97c0147e0 JavaThread "Finalizer" daemon [_thread_blocked, id=8876, stack(0x000000d003100000,0x000000d003200000)]
  0x000002a97d0c0f20 JavaThread "Signal Dispatcher" daemon [_thread_blocked, id=16704, stack(0x000000d003200000,0x000000d003300000)]
  0x000002a97d0c1a50 JavaThread "Attach Listener" daemon [_thread_blocked, id=16688, stack(0x000000d003300000,0x000000d003400000)]
  0x000002a97d0c27e0 JavaThread "Service Thread" daemon [_thread_blocked, id=16284, stack(0x000000d003400000,0x000000d003500000)]
  0x000002a97d0c32b0 JavaThread "Monitor Deflation Thread" daemon [_thread_blocked, id=1352, stack(0x000000d003500000,0x000000d003600000)]
=>0x000002a97d0c6070 JavaThread "C2 CompilerThread0" daemon [_thread_in_native, id=17224, stack(0x000000d003600000,0x000000d003700000)]
  0x000002a97c017fa0 JavaThread "C1 CompilerThread0" daemon [_thread_blocked, id=16096, stack(0x000000d003700000,0x000000d003800000)]
  0x000002a97c01dc50 JavaThread "Sweeper thread" daemon [_thread_blocked, id=16136, stack(0x000000d003800000,0x000000d003900000)]
  0x000002a977217630 JavaThread "Common-Cleaner" daemon [_thread_blocked, id=13536, stack(0x000000d003900000,0x000000d003a00000)]
  0x000002a97d3ba460 JavaThread "Notification Thread" daemon [_thread_blocked, id=16196, stack(0x000000d003a00000,0x000000d003b00000)]
  0x000002a97f162870 JavaThread "Active Thread: Equinox Container: afdeaba4-f9e5-4b29-91d3-5074f3ee4baf" [_thread_blocked, id=16684, stack(0x000000d004400000,0x000000d004500000)]
  0x000002a97f121380 JavaThread "Framework Event Dispatcher: Equinox Container: afdeaba4-f9e5-4b29-91d3-5074f3ee4baf" daemon [_thread_blocked, id=15564, stack(0x000000d004300000,0x000000d004400000)]
  0x000002a97f121b10 JavaThread "Start Level: Equinox Container: afdeaba4-f9e5-4b29-91d3-5074f3ee4baf" daemon [_thread_blocked, id=15956, stack(0x000000d004500000,0x000000d004600000)]
  0x000002a97f90b840 JavaThread "Bundle File Closer" daemon [_thread_blocked, id=7332, stack(0x000000d004700000,0x000000d004800000)]
  0x000002a97f8a2f10 JavaThread "SCR Component Actor" daemon [_thread_blocked, id=2996, stack(0x000000d004800000,0x000000d004900000)]
  0x000002a97f8a24f0 JavaThread "Worker-JM" [_thread_blocked, id=8132, stack(0x000000d004b00000,0x000000d004c00000)]
  0x000002a97f8a3930 JavaThread "Worker-0" [_thread_blocked, id=2604, stack(0x000000d004c00000,0x000000d004d00000)]
  0x000002a97f8a15c0 JavaThread "Worker-1" [_thread_blocked, id=13272, stack(0x000000d004d00000,0x000000d004e00000)]
  0x000002a97eeb5850 JavaThread "C2 CompilerThread1" daemon [_thread_blocked, id=6116, stack(0x000000d004e00000,0x000000d004f00000)]
  0x000002a97f8a3420 JavaThread "Java indexing" daemon [_thread_blocked, id=5708, stack(0x000000d004f00000,0x000000d005000000)]
  0x000002a97f8a3e40 JavaThread "Worker-2" [_thread_blocked, id=16676, stack(0x000000d005000000,0x000000d005100000)]
  0x000002a97f8a0ba0 JavaThread "JNA Cleaner" daemon [_thread_blocked, id=3588, stack(0x000000d005200000,0x000000d005300000)]
  0x000002a97f8a1ad0 JavaThread "pool-2-thread-1" [_thread_blocked, id=15248, stack(0x000000d005300000,0x000000d005400000)]
  0x000002a97fd17b50 JavaThread "WorkspaceEventsHandler" [_thread_blocked, id=13440, stack(0x000000d005400000,0x000000d005500000)]
  0x000002a97fd143a0 JavaThread "pool-1-thread-1" [_thread_blocked, id=3260, stack(0x000000d005500000,0x000000d005600000)]
  0x000002a97fd13470 JavaThread "Worker-3" [_thread_blocked, id=12864, stack(0x000000d005600000,0x000000d005700000)]
  0x000002a97fd17640 JavaThread "Worker-4" [_thread_blocked, id=3948, stack(0x000000d004600000,0x000000d004700000)]
  0x000002a97fd12540 JavaThread "Worker-5" [_thread_blocked, id=928, stack(0x000000d005100000,0x000000d005200000)]
  0x000002a914ccf360 JavaThread "C2 CompilerThread2" daemon [_thread_in_native, id=11072, stack(0x000000d005700000,0x000000d005800000)]

Other Threads:
  0x000002a97725ec80 VMThread "VM Thread" [stack: 0x000000d002f00000,0x000000d003000000] [id=8968]
  0x000002a97d3d08d0 WatcherThread [stack: 0x000000d003b00000,0x000000d003c00000] [id=15884]
  0x000002a9771c74e0 GCTaskThread "GC Thread#0" [stack: 0x000000d002e00000,0x000000d002f00000] [id=7340]
  0x000002a97ef71790 GCTaskThread "GC Thread#1" [stack: 0x000000d003c00000,0x000000d003d00000] [id=292]
  0x000002a97f1e4820 GCTaskThread "GC Thread#2" [stack: 0x000000d003d00000,0x000000d003e00000] [id=3012]
  0x000002a97f1e4ae0 GCTaskThread "GC Thread#3" [stack: 0x000000d003e00000,0x000000d003f00000] [id=8684]
  0x000002a97efd2dc0 GCTaskThread "GC Thread#4" [stack: 0x000000d003f00000,0x000000d004000000] [id=8568]
  0x000002a97efd3080 GCTaskThread "GC Thread#5" [stack: 0x000000d004000000,0x000000d004100000] [id=11660]
  0x000002a97efd3340 GCTaskThread "GC Thread#6" [stack: 0x000000d004100000,0x000000d004200000] [id=84]
  0x000002a97ef0ee80 GCTaskThread "GC Thread#7" [stack: 0x000000d004200000,0x000000d004300000] [id=15792]
  0x000002a97f7fc1c0 GCTaskThread "GC Thread#8" [stack: 0x000000d004900000,0x000000d004a00000] [id=7564]
  0x000002a97f5c46d0 GCTaskThread "GC Thread#9" [stack: 0x000000d004a00000,0x000000d004b00000] [id=6888]

Threads with active compile tasks:
C2 CompilerThread0    23565 8153       4       lombok.core.AST::buildWithField (21 bytes)
C2 CompilerThread2    23565 8154   !   4       lombok.core.AST::buildWithField0 (121 bytes)

VM state: not at safepoint (normal execution)

VM Mutex/Monitor currently owned by a thread: None

Heap address: 0x00000000c0000000, size: 1024 MB, Compressed Oops mode: 32-bit

CDS archive(s) not mapped
Compressed class space mapped at: 0x0000000100000000-0x0000000140000000, reserved size: 1073741824
Narrow klass base: 0x0000000000000000, Narrow klass shift: 3, Narrow klass range: 0x140000000

GC Precious Log:
 CPUs: 12 total, 12 available
 Memory: 7530M
 Large Page Support: Disabled
 NUMA Support: Disabled
 Compressed Oops: Enabled (32-bit)
 Alignments: Space 512K, Generation 512K, Heap 2M
 Heap Min Capacity: 100M
 Heap Initial Capacity: 100M
 Heap Max Capacity: 1G
 Pre-touch: Disabled
 Parallel Workers: 10

Heap:
 PSYoungGen      total 18432K, used 15972K [0x00000000eab00000, 0x00000000ebe00000, 0x0000000100000000)
  eden space 17408K, 88% used [0x00000000eab00000,0x00000000eba111e8,0x00000000ebc00000)
  from space 1024K, 53% used [0x00000000ebc00000,0x00000000ebc88000,0x00000000ebd00000)
  to   space 1024K, 0% used [0x00000000ebd00000,0x00000000ebd00000,0x00000000ebe00000)
 ParOldGen       total 68608K, used 36893K [0x00000000c0000000, 0x00000000c4300000, 0x00000000eab00000)
  object space 68608K, 53% used [0x00000000c0000000,0x00000000c2407718,0x00000000c4300000)
 Metaspace       used 61842K, committed 63104K, reserved 1114112K
  class space    used 6659K, committed 7168K, reserved 1048576K

Card table byte_map: [0x000002a976b40000,0x000002a976d50000] _byte_map_base: 0x000002a976540000

Marking Bits: (ParMarkBitMap*) 0x00007fffe1fc83a0
 Begin Bits: [0x000002a979e20000, 0x000002a97ae20000)
 End Bits:   [0x000002a97ae20000, 0x000002a97be20000)

Polling page: 0x000002a975110000

Metaspace:

Usage:
  Non-class:     53.89 MB used.
      Class:      6.50 MB used.
       Both:     60.39 MB used.

Virtual space:
  Non-class space:       64.00 MB reserved,      54.62 MB ( 85%) committed,  1 nodes.
      Class space:        1.00 GB reserved,       7.00 MB ( <1%) committed,  1 nodes.
             Both:        1.06 GB reserved,      61.62 MB (  6%) committed. 

Chunk freelists:
   Non-Class:  9.42 MB
       Class:  9.00 MB
        Both:  18.43 MB

MaxMetaspaceSize: unlimited
CompressedClassSpaceSize: 1.00 GB
Initial GC threshold: 21.00 MB
Current GC threshold: 97.31 MB
CDS: off
MetaspaceReclaimPolicy: balanced
 - commit_granule_bytes: 65536.
 - commit_granule_words: 8192.
 - virtual_space_node_default_size: 8388608.
 - enlarge_chunks_in_place: 1.
 - new_chunks_are_fully_committed: 0.
 - uncommit_free_chunks: 1.
 - use_allocation_guard: 0.
 - handle_deallocations: 1.


Internal statistics:

num_allocs_failed_limit: 9.
num_arena_births: 832.
num_arena_deaths: 14.
num_vsnodes_births: 2.
num_vsnodes_deaths: 0.
num_space_committed: 986.
num_space_uncommitted: 0.
num_chunks_returned_to_freelist: 23.
num_chunks_taken_from_freelist: 3364.
num_chunk_merges: 10.
num_chunk_splits: 2055.
num_chunks_enlarged: 1155.
num_inconsistent_stats: 0.

CodeHeap 'non-profiled nmethods': size=120000Kb used=4105Kb max_used=4659Kb free=115894Kb
 bounds [0x000002a907ad0000, 0x000002a907f60000, 0x000002a90f000000]
CodeHeap 'profiled nmethods': size=120000Kb used=13957Kb max_used=16094Kb free=106042Kb
 bounds [0x000002a900000000, 0x000002a900fc0000, 0x000002a907530000]
CodeHeap 'non-nmethods': size=5760Kb used=1325Kb max_used=1393Kb free=4434Kb
 bounds [0x000002a907530000, 0x000002a9077a0000, 0x000002a907ad0000]
 total_blobs=7576 nmethods=6916 adapters=574
 compilation: enabled
              stopped_count=0, restarted_count=0
 full_count=0

Compilation events (20 events):
Event: 23.438 Thread 0x000002a97eeb5850 8263       4       org.eclipse.jdt.internal.compiler.parser.Parser::pushOnTypeAnnotationLengthStack (53 bytes)
Event: 23.440 Thread 0x000002a97eeb5850 nmethod 8263 0x000002a907d4e510 code [0x000002a907d4e680, 0x000002a907d4e758]
Event: 23.440 Thread 0x000002a97eeb5850 8276   !   4       org.eclipse.jdt.internal.compiler.parser.Scanner::getNextChar (140 bytes)
Event: 23.442 Thread 0x000002a97eeb5850 nmethod 8276 0x000002a907b0a290 code [0x000002a907b0a420, 0x000002a907b0a558]
Event: 23.442 Thread 0x000002a97eeb5850 7998       4       org.eclipse.jdt.internal.core.search.indexing.AbstractIndexer::addTypeReference (7 bytes)
Event: 23.463 Thread 0x000002a97eeb5850 nmethod 7998 0x000002a907c2a990 code [0x000002a907c2ab60, 0x000002a907c2b190]
Event: 23.464 Thread 0x000002a97eeb5850 8236       4       lombok.eclipse.EclipseASTAdapter::visitTypeUse (1 bytes)
Event: 23.464 Thread 0x000002a97eeb5850 nmethod 8236 0x000002a907e35810 code [0x000002a907e35980, 0x000002a907e359f8]
Event: 23.464 Thread 0x000002a97eeb5850 8237       4       lombok.eclipse.EclipseASTAdapter::endVisitTypeUse (1 bytes)
Event: 23.464 Thread 0x000002a97eeb5850 nmethod 8237 0x000002a907e35e10 code [0x000002a907e35f80, 0x000002a907e35ff8]
Event: 23.464 Thread 0x000002a97eeb5850 8146       4       org.eclipse.jdt.internal.compiler.parser.Parser::concatNodeLists (31 bytes)
Event: 23.466 Thread 0x000002a97eeb5850 nmethod 8146 0x000002a907d14c10 code [0x000002a907d14d80, 0x000002a907d14e78]
Event: 23.466 Thread 0x000002a97eeb5850 8232       4       lombok.eclipse.EclipseASTAdapter::visitStatement (1 bytes)
Event: 23.466 Thread 0x000002a97eeb5850 nmethod 8232 0x000002a907e04310 code [0x000002a907e04480, 0x000002a907e044f8]
Event: 23.466 Thread 0x000002a97eeb5850 8235       4       lombok.eclipse.EclipseASTAdapter::endVisitStatement (1 bytes)
Event: 23.466 Thread 0x000002a97eeb5850 nmethod 8235 0x000002a907e1a590 code [0x000002a907e1a700, 0x000002a907e1a778]
Event: 23.467 Thread 0x000002a97eeb5850 8121       4       org.eclipse.jdt.internal.compiler.parser.Parser::isParsingModuleDeclaration (28 bytes)
Event: 23.469 Thread 0x000002a97eeb5850 nmethod 8121 0x000002a907e4ee90 code [0x000002a907e4f020, 0x000002a907e4f218]
Event: 23.469 Thread 0x000002a97eeb5850 8088       4       org.eclipse.jdt.internal.compiler.ast.CompilationUnitDeclaration::isModuleInfo (11 bytes)
Event: 23.470 Thread 0x000002a97eeb5850 nmethod 8088 0x000002a907e58610 code [0x000002a907e587a0, 0x000002a907e58958]

GC Heap History (20 events):
Event: 18.900 GC heap before
{Heap before GC invocations=27 (full 2):
 PSYoungGen      total 18944K, used 18935K [0x00000000eab00000, 0x00000000ec000000, 0x0000000100000000)
  eden space 17920K, 100% used [0x00000000eab00000,0x00000000ebc80000,0x00000000ebc80000)
  from space 1024K, 99% used [0x00000000ebf00000,0x00000000ebffdf60,0x00000000ec000000)
  to   space 1536K, 0% used [0x00000000ebd00000,0x00000000ebd00000,0x00000000ebe80000)
 ParOldGen       total 68608K, used 35038K [0x00000000c0000000, 0x00000000c4300000, 0x00000000eab00000)
  object space 68608K, 51% used [0x00000000c0000000,0x00000000c22379d8,0x00000000c4300000)
 Metaspace       used 55823K, committed 57024K, reserved 1114112K
  class space    used 6085K, committed 6592K, reserved 1048576K
}
Event: 18.903 GC heap after
{Heap after GC invocations=27 (full 2):
 PSYoungGen      total 19456K, used 1387K [0x00000000eab00000, 0x00000000ebf80000, 0x0000000100000000)
  eden space 17920K, 0% used [0x00000000eab00000,0x00000000eab00000,0x00000000ebc80000)
  from space 1536K, 90% used [0x00000000ebd00000,0x00000000ebe5af50,0x00000000ebe80000)
  to   space 1024K, 0% used [0x00000000ebe80000,0x00000000ebe80000,0x00000000ebf80000)
 ParOldGen       total 68608K, used 35925K [0x00000000c0000000, 0x00000000c4300000, 0x00000000eab00000)
  object space 68608K, 52% used [0x00000000c0000000,0x00000000c2315680,0x00000000c4300000)
 Metaspace       used 55823K, committed 57024K, reserved 1114112K
  class space    used 6085K, committed 6592K, reserved 1048576K
}
Event: 19.389 GC heap before
{Heap before GC invocations=28 (full 2):
 PSYoungGen      total 19456K, used 19302K [0x00000000eab00000, 0x00000000ebf80000, 0x0000000100000000)
  eden space 17920K, 99% used [0x00000000eab00000,0x00000000ebc7ebd0,0x00000000ebc80000)
  from space 1536K, 90% used [0x00000000ebd00000,0x00000000ebe5af50,0x00000000ebe80000)
  to   space 1024K, 0% used [0x00000000ebe80000,0x00000000ebe80000,0x00000000ebf80000)
 ParOldGen       total 68608K, used 35925K [0x00000000c0000000, 0x00000000c4300000, 0x00000000eab00000)
  object space 68608K, 52% used [0x00000000c0000000,0x00000000c2315680,0x00000000c4300000)
 Metaspace       used 56794K, committed 57984K, reserved 1114112K
  class space    used 6180K, committed 6720K, reserved 1048576K
}
Event: 19.391 GC heap after
{Heap after GC invocations=28 (full 2):
 PSYoungGen      total 18432K, used 1014K [0x00000000eab00000, 0x00000000ec180000, 0x0000000100000000)
  eden space 17408K, 0% used [0x00000000eab00000,0x00000000eab00000,0x00000000ebc00000)
  from space 1024K, 99% used [0x00000000ebe80000,0x00000000ebf7d808,0x00000000ebf80000)
  to   space 2560K, 0% used [0x00000000ebc00000,0x00000000ebc00000,0x00000000ebe80000)
 ParOldGen       total 68608K, used 36974K [0x00000000c0000000, 0x00000000c4300000, 0x00000000eab00000)
  object space 68608K, 53% used [0x00000000c0000000,0x00000000c241b800,0x00000000c4300000)
 Metaspace       used 56794K, committed 57984K, reserved 1114112K
  class space    used 6180K, committed 6720K, reserved 1048576K
}
Event: 19.671 GC heap before
{Heap before GC invocations=29 (full 2):
 PSYoungGen      total 18432K, used 18422K [0x00000000eab00000, 0x00000000ec180000, 0x0000000100000000)
  eden space 17408K, 100% used [0x00000000eab00000,0x00000000ebc00000,0x00000000ebc00000)
  from space 1024K, 99% used [0x00000000ebe80000,0x00000000ebf7d808,0x00000000ebf80000)
  to   space 2560K, 0% used [0x00000000ebc00000,0x00000000ebc00000,0x00000000ebe80000)
 ParOldGen       total 68608K, used 36974K [0x00000000c0000000, 0x00000000c4300000, 0x00000000eab00000)
  object space 68608K, 53% used [0x00000000c0000000,0x00000000c241b800,0x00000000c4300000)
 Metaspace       used 56944K, committed 58176K, reserved 1114112K
  class space    used 6184K, committed 6720K, reserved 1048576K
}
Event: 19.675 GC heap after
{Heap after GC invocations=29 (full 2):
 PSYoungGen      total 18944K, used 1516K [0x00000000eab00000, 0x00000000ec000000, 0x0000000100000000)
  eden space 17408K, 0% used [0x00000000eab00000,0x00000000eab00000,0x00000000ebc00000)
  from space 1536K, 98% used [0x00000000ebc00000,0x00000000ebd7b008,0x00000000ebd80000)
  to   space 2048K, 0% used [0x00000000ebe00000,0x00000000ebe00000,0x00000000ec000000)
 ParOldGen       total 68608K, used 37923K [0x00000000c0000000, 0x00000000c4300000, 0x00000000eab00000)
  object space 68608K, 55% used [0x00000000c0000000,0x00000000c2508f88,0x00000000c4300000)
 Metaspace       used 56944K, committed 58176K, reserved 1114112K
  class space    used 6184K, committed 6720K, reserved 1048576K
}
Event: 19.918 GC heap before
{Heap before GC invocations=30 (full 2):
 PSYoungGen      total 18944K, used 18917K [0x00000000eab00000, 0x00000000ec000000, 0x0000000100000000)
  eden space 17408K, 99% used [0x00000000eab00000,0x00000000ebbfe5a8,0x00000000ebc00000)
  from space 1536K, 98% used [0x00000000ebc00000,0x00000000ebd7b008,0x00000000ebd80000)
  to   space 2048K, 0% used [0x00000000ebe00000,0x00000000ebe00000,0x00000000ec000000)
 ParOldGen       total 68608K, used 37923K [0x00000000c0000000, 0x00000000c4300000, 0x00000000eab00000)
  object space 68608K, 55% used [0x00000000c0000000,0x00000000c2508f88,0x00000000c4300000)
 Metaspace       used 57333K, committed 58560K, reserved 1114112K
  class space    used 6219K, committed 6784K, reserved 1048576K
}
Event: 19.920 GC heap after
{Heap after GC invocations=30 (full 2):
 PSYoungGen      total 18432K, used 608K [0x00000000eab00000, 0x00000000ebf00000, 0x0000000100000000)
  eden space 17408K, 0% used [0x00000000eab00000,0x00000000eab00000,0x00000000ebc00000)
  from space 1024K, 59% used [0x00000000ebe00000,0x00000000ebe98000,0x00000000ebf00000)
  to   space 1024K, 0% used [0x00000000ebd00000,0x00000000ebd00000,0x00000000ebe00000)
 ParOldGen       total 68608K, used 39311K [0x00000000c0000000, 0x00000000c4300000, 0x00000000eab00000)
  object space 68608K, 57% used [0x00000000c0000000,0x00000000c2663f90,0x00000000c4300000)
 Metaspace       used 57333K, committed 58560K, reserved 1114112K
  class space    used 6219K, committed 6784K, reserved 1048576K
}
Event: 20.314 GC heap before
{Heap before GC invocations=31 (full 2):
 PSYoungGen      total 18432K, used 18016K [0x00000000eab00000, 0x00000000ebf00000, 0x0000000100000000)
  eden space 17408K, 100% used [0x00000000eab00000,0x00000000ebc00000,0x00000000ebc00000)
  from space 1024K, 59% used [0x00000000ebe00000,0x00000000ebe98000,0x00000000ebf00000)
  to   space 1024K, 0% used [0x00000000ebd00000,0x00000000ebd00000,0x00000000ebe00000)
 ParOldGen       total 68608K, used 39311K [0x00000000c0000000, 0x00000000c4300000, 0x00000000eab00000)
  object space 68608K, 57% used [0x00000000c0000000,0x00000000c2663f90,0x00000000c4300000)
 Metaspace       used 58471K, committed 59712K, reserved 1114112K
  class space    used 6354K, committed 6848K, reserved 1048576K
}
Event: 20.317 GC heap after
{Heap after GC invocations=31 (full 2):
 PSYoungGen      total 18432K, used 1016K [0x00000000eab00000, 0x00000000ec000000, 0x0000000100000000)
  eden space 17408K, 0% used [0x00000000eab00000,0x00000000eab00000,0x00000000ebc00000)
  from space 1024K, 99% used [0x00000000ebd00000,0x00000000ebdfe098,0x00000000ebe00000)
  to   space 2048K, 0% used [0x00000000ebe00000,0x00000000ebe00000,0x00000000ec000000)
 ParOldGen       total 68608K, used 39833K [0x00000000c0000000, 0x00000000c4300000, 0x00000000eab00000)
  object space 68608K, 58% used [0x00000000c0000000,0x00000000c26e6558,0x00000000c4300000)
 Metaspace       used 58471K, committed 59712K, reserved 1114112K
  class space    used 6354K, committed 6848K, reserved 1048576K
}
Event: 20.493 GC heap before
{Heap before GC invocations=32 (full 2):
 PSYoungGen      total 18432K, used 4754K [0x00000000eab00000, 0x00000000ec000000, 0x0000000100000000)
  eden space 17408K, 21% used [0x00000000eab00000,0x00000000eaea6a40,0x00000000ebc00000)
  from space 1024K, 99% used [0x00000000ebd00000,0x00000000ebdfe098,0x00000000ebe00000)
  to   space 2048K, 0% used [0x00000000ebe00000,0x00000000ebe00000,0x00000000ec000000)
 ParOldGen       total 68608K, used 39833K [0x00000000c0000000, 0x00000000c4300000, 0x00000000eab00000)
  object space 68608K, 58% used [0x00000000c0000000,0x00000000c26e6558,0x00000000c4300000)
 Metaspace       used 58576K, committed 59776K, reserved 1114112K
  class space    used 6362K, committed 6912K, reserved 1048576K
}
Event: 20.496 GC heap after
{Heap after GC invocations=32 (full 2):
 PSYoungGen      total 17920K, used 352K [0x00000000eab00000, 0x00000000ebe80000, 0x0000000100000000)
  eden space 17408K, 0% used [0x00000000eab00000,0x00000000eab00000,0x00000000ebc00000)
  from space 512K, 68% used [0x00000000ebe00000,0x00000000ebe58000,0x00000000ebe80000)
  to   space 1024K, 0% used [0x00000000ebc80000,0x00000000ebc80000,0x00000000ebd80000)
 ParOldGen       total 68608K, used 40815K [0x00000000c0000000, 0x00000000c4300000, 0x00000000eab00000)
  object space 68608K, 59% used [0x00000000c0000000,0x00000000c27dbee0,0x00000000c4300000)
 Metaspace       used 58576K, committed 59776K, reserved 1114112K
  class space    used 6362K, committed 6912K, reserved 1048576K
}
Event: 20.496 GC heap before
{Heap before GC invocations=33 (full 3):
 PSYoungGen      total 17920K, used 352K [0x00000000eab00000, 0x00000000ebe80000, 0x0000000100000000)
  eden space 17408K, 0% used [0x00000000eab00000,0x00000000eab00000,0x00000000ebc00000)
  from space 512K, 68% used [0x00000000ebe00000,0x00000000ebe58000,0x00000000ebe80000)
  to   space 1024K, 0% used [0x00000000ebc80000,0x00000000ebc80000,0x00000000ebd80000)
 ParOldGen       total 68608K, used 40815K [0x00000000c0000000, 0x00000000c4300000, 0x00000000eab00000)
  object space 68608K, 59% used [0x00000000c0000000,0x00000000c27dbee0,0x00000000c4300000)
 Metaspace       used 58576K, committed 59776K, reserved 1114112K
  class space    used 6362K, committed 6912K, reserved 1048576K
}
Event: 20.624 GC heap after
{Heap after GC invocations=33 (full 3):
 PSYoungGen      total 17920K, used 0K [0x00000000eab00000, 0x00000000ebe80000, 0x0000000100000000)
  eden space 17408K, 0% used [0x00000000eab00000,0x00000000eab00000,0x00000000ebc00000)
  from space 512K, 0% used [0x00000000ebe00000,0x00000000ebe00000,0x00000000ebe80000)
  to   space 1024K, 0% used [0x00000000ebc80000,0x00000000ebc80000,0x00000000ebd80000)
 ParOldGen       total 68608K, used 36125K [0x00000000c0000000, 0x00000000c4300000, 0x00000000eab00000)
  object space 68608K, 52% used [0x00000000c0000000,0x00000000c2347480,0x00000000c4300000)
 Metaspace       used 58576K, committed 59776K, reserved 1114112K
  class space    used 6362K, committed 6912K, reserved 1048576K
}
Event: 20.787 GC heap before
{Heap before GC invocations=34 (full 3):
 PSYoungGen      total 17920K, used 17408K [0x00000000eab00000, 0x00000000ebe80000, 0x0000000100000000)
  eden space 17408K, 100% used [0x00000000eab00000,0x00000000ebc00000,0x00000000ebc00000)
  from space 512K, 0% used [0x00000000ebe00000,0x00000000ebe00000,0x00000000ebe80000)
  to   space 1024K, 0% used [0x00000000ebc80000,0x00000000ebc80000,0x00000000ebd80000)
 ParOldGen       total 68608K, used 36125K [0x00000000c0000000, 0x00000000c4300000, 0x00000000eab00000)
  object space 68608K, 52% used [0x00000000c0000000,0x00000000c2347480,0x00000000c4300000)
 Metaspace       used 59210K, committed 60416K, reserved 1114112K
  class space    used 6437K, committed 6976K, reserved 1048576K
}
Event: 20.791 GC heap after
{Heap after GC invocations=34 (full 3):
 PSYoungGen      total 18432K, used 688K [0x00000000eab00000, 0x00000000ebe80000, 0x0000000100000000)
  eden space 17408K, 0% used [0x00000000eab00000,0x00000000eab00000,0x00000000ebc00000)
  from space 1024K, 67% used [0x00000000ebc80000,0x00000000ebd2c298,0x00000000ebd80000)
  to   space 1024K, 0% used [0x00000000ebd80000,0x00000000ebd80000,0x00000000ebe80000)
 ParOldGen       total 68608K, used 36133K [0x00000000c0000000, 0x00000000c4300000, 0x00000000eab00000)
  object space 68608K, 52% used [0x00000000c0000000,0x00000000c2349480,0x00000000c4300000)
 Metaspace       used 59210K, committed 60416K, reserved 1114112K
  class space    used 6437K, committed 6976K, reserved 1048576K
}
Event: 21.494 GC heap before
{Heap before GC invocations=35 (full 3):
 PSYoungGen      total 18432K, used 18096K [0x00000000eab00000, 0x00000000ebe80000, 0x0000000100000000)
  eden space 17408K, 100% used [0x00000000eab00000,0x00000000ebc00000,0x00000000ebc00000)
  from space 1024K, 67% used [0x00000000ebc80000,0x00000000ebd2c298,0x00000000ebd80000)
  to   space 1024K, 0% used [0x00000000ebd80000,0x00000000ebd80000,0x00000000ebe80000)
 ParOldGen       total 68608K, used 36133K [0x00000000c0000000, 0x00000000c4300000, 0x00000000eab00000)
  object space 68608K, 52% used [0x00000000c0000000,0x00000000c2349480,0x00000000c4300000)
 Metaspace       used 60174K, committed 61376K, reserved 1114112K
  class space    used 6532K, committed 7040K, reserved 1048576K
}
Event: 21.496 GC heap after
{Heap after GC invocations=35 (full 3):
 PSYoungGen      total 17920K, used 448K [0x00000000eab00000, 0x00000000ebe00000, 0x0000000100000000)
  eden space 17408K, 0% used [0x00000000eab00000,0x00000000eab00000,0x00000000ebc00000)
  from space 512K, 87% used [0x00000000ebd80000,0x00000000ebdf0000,0x00000000ebe00000)
  to   space 1024K, 0% used [0x00000000ebc00000,0x00000000ebc00000,0x00000000ebd00000)
 ParOldGen       total 68608K, used 36605K [0x00000000c0000000, 0x00000000c4300000, 0x00000000eab00000)
  object space 68608K, 53% used [0x00000000c0000000,0x00000000c23bf718,0x00000000c4300000)
 Metaspace       used 60174K, committed 61376K, reserved 1114112K
  class space    used 6532K, committed 7040K, reserved 1048576K
}
Event: 22.157 GC heap before
{Heap before GC invocations=36 (full 3):
 PSYoungGen      total 17920K, used 17856K [0x00000000eab00000, 0x00000000ebe00000, 0x0000000100000000)
  eden space 17408K, 100% used [0x00000000eab00000,0x00000000ebc00000,0x00000000ebc00000)
  from space 512K, 87% used [0x00000000ebd80000,0x00000000ebdf0000,0x00000000ebe00000)
  to   space 1024K, 0% used [0x00000000ebc00000,0x00000000ebc00000,0x00000000ebd00000)
 ParOldGen       total 68608K, used 36605K [0x00000000c0000000, 0x00000000c4300000, 0x00000000eab00000)
  object space 68608K, 53% used [0x00000000c0000000,0x00000000c23bf718,0x00000000c4300000)
 Metaspace       used 61583K, committed 62784K, reserved 1114112K
  class space    used 6647K, committed 7168K, reserved 1048576K
}
Event: 22.158 GC heap after
{Heap after GC invocations=36 (full 3):
 PSYoungGen      total 18432K, used 544K [0x00000000eab00000, 0x00000000ebe00000, 0x0000000100000000)
  eden space 17408K, 0% used [0x00000000eab00000,0x00000000eab00000,0x00000000ebc00000)
  from space 1024K, 53% used [0x00000000ebc00000,0x00000000ebc88000,0x00000000ebd00000)
  to   space 1024K, 0% used [0x00000000ebd00000,0x00000000ebd00000,0x00000000ebe00000)
 ParOldGen       total 68608K, used 36893K [0x00000000c0000000, 0x00000000c4300000, 0x00000000eab00000)
  object space 68608K, 53% used [0x00000000c0000000,0x00000000c2407718,0x00000000c4300000)
 Metaspace       used 61583K, committed 62784K, reserved 1114112K
  class space    used 6647K, committed 7168K, reserved 1048576K
}

Dll operation events (10 events):
Event: 0.018 Loaded shared library c:\Users\ACER\.vscode\extensions\redhat.java-1.24.0-win32-x64\jre\17.0.8.1-win32-x86_64\bin\java.dll
Event: 0.471 Loaded shared library c:\Users\ACER\.vscode\extensions\redhat.java-1.24.0-win32-x64\jre\17.0.8.1-win32-x86_64\bin\zip.dll
Event: 0.479 Loaded shared library C:\Users\ACER\.vscode\extensions\redhat.java-1.24.0-win32-x64\jre\17.0.8.1-win32-x86_64\bin\instrument.dll
Event: 0.532 Loaded shared library C:\Users\ACER\.vscode\extensions\redhat.java-1.24.0-win32-x64\jre\17.0.8.1-win32-x86_64\bin\net.dll
Event: 0.536 Loaded shared library C:\Users\ACER\.vscode\extensions\redhat.java-1.24.0-win32-x64\jre\17.0.8.1-win32-x86_64\bin\nio.dll
Event: 0.549 Loaded shared library C:\Users\ACER\.vscode\extensions\redhat.java-1.24.0-win32-x64\jre\17.0.8.1-win32-x86_64\bin\zip.dll
Event: 0.609 Loaded shared library C:\Users\ACER\.vscode\extensions\redhat.java-1.24.0-win32-x64\jre\17.0.8.1-win32-x86_64\bin\jimage.dll
Event: 0.767 Loaded shared library c:\Users\ACER\.vscode\extensions\redhat.java-1.24.0-win32-x64\jre\17.0.8.1-win32-x86_64\bin\verify.dll
Event: 4.086 Loaded shared library C:\Users\ACER\AppData\Roaming\Code\User\globalStorage\redhat.java\1.24.0\config_win\org.eclipse.equinox.launcher\org.eclipse.equinox.launcher.win32.win32.x86_64_1.2.700.v20221108-1024\eclipse_11801.dll
Event: 10.453 Loaded shared library C:\Users\ACER\AppData\Local\Temp\jna-2003023\jna5800070945659414482.dll

Deoptimization events (20 events):
Event: 22.709 Thread 0x000002a97f8a3420 DEOPT PACKING pc=0x000002a907f18178 sp=0x000000d004ffe700
Event: 22.709 Thread 0x000002a97f8a3420 DEOPT UNPACKING pc=0x000002a9075866a3 sp=0x000000d004ffe6b8 mode 2
Event: 22.709 Thread 0x000002a97f8a3420 Uncommon trap: trap_request=0xffffffde fr.pc=0x000002a907f18178 relative=0x0000000000000cb8
Event: 22.709 Thread 0x000002a97f8a3420 Uncommon trap: reason=class_check action=maybe_recompile pc=0x000002a907f18178 method=lombok.eclipse.EclipseNode.traverse(Llombok/eclipse/EclipseASTVisitor;)V @ 305 c2
Event: 22.709 Thread 0x000002a97f8a3420 DEOPT PACKING pc=0x000002a907f18178 sp=0x000000d004ffe700
Event: 22.709 Thread 0x000002a97f8a3420 DEOPT UNPACKING pc=0x000002a9075866a3 sp=0x000000d004ffe6b8 mode 2
Event: 22.776 Thread 0x000002a97f8a3420 Uncommon trap: trap_request=0xffffff45 fr.pc=0x000002a907e90e8c relative=0x000000000000054c
Event: 22.776 Thread 0x000002a97f8a3420 Uncommon trap: reason=unstable_if action=reinterpret pc=0x000002a907e90e8c method=org.eclipse.jdt.internal.core.index.DiskIndex.readStreamChars(Ljava/io/InputStream;)[C @ 169 c2
Event: 22.776 Thread 0x000002a97f8a3420 DEOPT PACKING pc=0x000002a907e90e8c sp=0x000000d004ffee40
Event: 22.776 Thread 0x000002a97f8a3420 DEOPT UNPACKING pc=0x000002a9075866a3 sp=0x000000d004ffedb8 mode 2
Event: 22.790 Thread 0x000002a97f8a3420 Uncommon trap: trap_request=0xffffff45 fr.pc=0x000002a907f2d578 relative=0x00000000000010d8
Event: 22.790 Thread 0x000002a97f8a3420 Uncommon trap: reason=unstable_if action=reinterpret pc=0x000002a907f2d578 method=org.eclipse.jdt.internal.compiler.parser.Scanner.getVanguardParser()Lorg/eclipse/jdt/internal/compiler/parser/Scanner$VanguardParser; @ 4 c2
Event: 22.790 Thread 0x000002a97f8a3420 DEOPT PACKING pc=0x000002a907f2d578 sp=0x000000d004ffede0
Event: 22.790 Thread 0x000002a97f8a3420 DEOPT UNPACKING pc=0x000002a9075866a3 sp=0x000000d004ffecc8 mode 2
Event: 22.902 Thread 0x000002a97f8a3420 DEOPT PACKING pc=0x000002a900be22cd sp=0x000000d004ffe620
Event: 22.902 Thread 0x000002a97f8a3420 DEOPT UNPACKING pc=0x000002a907586e43 sp=0x000000d004ffda28 mode 0
Event: 22.932 Thread 0x000002a97f8a3420 Uncommon trap: trap_request=0xffffff45 fr.pc=0x000002a907f54604 relative=0x0000000000002564
Event: 22.932 Thread 0x000002a97f8a3420 Uncommon trap: reason=unstable_if action=reinterpret pc=0x000002a907f54604 method=org.eclipse.jdt.internal.compiler.util.CharDeduplication.optimizedCurrentTokenSource5([CI)[C @ 178 c2
Event: 22.934 Thread 0x000002a97f8a3420 DEOPT PACKING pc=0x000002a907f54604 sp=0x000000d004ffeca0
Event: 22.934 Thread 0x000002a97f8a3420 DEOPT UNPACKING pc=0x000002a9075866a3 sp=0x000000d004ffea58 mode 2

Classes unloaded (7 events):
Event: 6.740 Thread 0x000002a97725ec80 Unloading class 0x0000000100250000 'java/lang/invoke/LambdaForm$MH+0x0000000100250000'
Event: 6.740 Thread 0x000002a97725ec80 Unloading class 0x000000010024fc00 'java/lang/invoke/LambdaForm$MH+0x000000010024fc00'
Event: 6.740 Thread 0x000002a97725ec80 Unloading class 0x000000010024f800 'java/lang/invoke/LambdaForm$MH+0x000000010024f800'
Event: 6.740 Thread 0x000002a97725ec80 Unloading class 0x000000010024f400 'java/lang/invoke/LambdaForm$MH+0x000000010024f400'
Event: 6.740 Thread 0x000002a97725ec80 Unloading class 0x000000010024f000 'java/lang/invoke/LambdaForm$BMH+0x000000010024f000'
Event: 6.740 Thread 0x000002a97725ec80 Unloading class 0x000000010024ec00 'java/lang/invoke/LambdaForm$DMH+0x000000010024ec00'
Event: 6.740 Thread 0x000002a97725ec80 Unloading class 0x000000010024c000 'java/lang/invoke/LambdaForm$DMH+0x000000010024c000'

Classes redefined (0 events):
No events

Internal exceptions (20 events):
Event: 23.130 Thread 0x000002a97f8a3420 Exception <a 'java/lang/NullPointerException'{0x00000000eb9ae160}> (0x00000000eb9ae160) 
thrown [s\src\hotspot\share\interpreter\linkResolver.cpp, line 1350]
Event: 23.130 Thread 0x000002a97f8a3420 Exception <a 'java/lang/NullPointerException'{0x00000000eb9ae580}> (0x00000000eb9ae580) 
thrown [s\src\hotspot\share\interpreter\linkResolver.cpp, line 1350]
Event: 23.130 Thread 0x000002a97f8a3420 Exception <a 'java/lang/NullPointerException'{0x00000000eb9ae998}> (0x00000000eb9ae998) 
thrown [s\src\hotspot\share\interpreter\linkResolver.cpp, line 1350]
Event: 23.131 Thread 0x000002a97f8a3420 Exception <a 'java/lang/NullPointerException'{0x00000000eb9b5110}> (0x00000000eb9b5110) 
thrown [s\src\hotspot\share\interpreter\linkResolver.cpp, line 1350]
Event: 23.131 Thread 0x000002a97f8a3420 Exception <a 'java/lang/NullPointerException'{0x00000000eb9b5650}> (0x00000000eb9b5650) 
thrown [s\src\hotspot\share\interpreter\linkResolver.cpp, line 1350]
Event: 23.138 Thread 0x000002a97f8a3420 Exception <a 'java/lang/NullPointerException'{0x00000000eb9b5b28}> (0x00000000eb9b5b28) 
thrown [s\src\hotspot\share\interpreter\linkResolver.cpp, line 1350]
Event: 23.139 Thread 0x000002a97f8a3420 Exception <a 'java/lang/NullPointerException'{0x00000000eb9b6c08}> (0x00000000eb9b6c08) 
thrown [s\src\hotspot\share\interpreter\linkResolver.cpp, line 1350]
Event: 23.139 Thread 0x000002a97f8a3420 Exception <a 'java/lang/NullPointerException'{0x00000000eb9b70e8}> (0x00000000eb9b70e8) 
thrown [s\src\hotspot\share\interpreter\linkResolver.cpp, line 1350]
Event: 23.139 Thread 0x000002a97f8a3420 Exception <a 'java/lang/NullPointerException'{0x00000000eb9b75c0}> (0x00000000eb9b75c0) 
thrown [s\src\hotspot\share\interpreter\linkResolver.cpp, line 1350]
Event: 23.141 Thread 0x000002a97f8a3420 Exception <a 'java/lang/NullPointerException'{0x00000000eb9c9ae8}> (0x00000000eb9c9ae8) 
thrown [s\src\hotspot\share\interpreter\linkResolver.cpp, line 1350]
Event: 23.141 Thread 0x000002a97f8a3420 Implicit null exception at 0x000002a90034915f to 0x000002a90034934d
Event: 23.141 Thread 0x000002a97f8a3420 Exception <a 'java/lang/NullPointerException'{0x00000000eb9c9f08}> (0x00000000eb9c9f08) 
thrown [s\src\hotspot\share\runtime\sharedRuntime.cpp, line 628]
Event: 23.142 Thread 0x000002a97f8a3420 Implicit null exception at 0x000002a90034915f to 0x000002a90034934d
Event: 23.142 Thread 0x000002a97f8a3420 Exception <a 'java/lang/NullPointerException'{0x00000000eb9ca320}> (0x00000000eb9ca320) 
thrown [s\src\hotspot\share\runtime\sharedRuntime.cpp, line 628]
Event: 23.143 Thread 0x000002a97f8a3420 Implicit null exception at 0x000002a90034915f to 0x000002a90034934d
Event: 23.143 Thread 0x000002a97f8a3420 Exception <a 'java/lang/NullPointerException'{0x00000000eb9d0c28}> (0x00000000eb9d0c28) 
thrown [s\src\hotspot\share\runtime\sharedRuntime.cpp, line 628]
Event: 23.143 Thread 0x000002a97f8a3420 Implicit null exception at 0x000002a90034915f to 0x000002a90034934d
Event: 23.143 Thread 0x000002a97f8a3420 Exception <a 'java/lang/NullPointerException'{0x00000000eb9d1210}> (0x00000000eb9d1210) 
thrown [s\src\hotspot\share\runtime\sharedRuntime.cpp, line 628]
Event: 23.143 Thread 0x000002a97f8a3420 Implicit null exception at 0x000002a90034915f to 0x000002a90034934d
Event: 23.143 Thread 0x000002a97f8a3420 Exception <a 'java/lang/NullPointerException'{0x00000000eb9d16e8}> (0x00000000eb9d16e8) 
thrown [s\src\hotspot\share\runtime\sharedRuntime.cpp, line 628]

VM Operations (20 events):
Event: 20.626 Executing VM operation: HandshakeAllThreads
Event: 20.626 Executing VM operation: HandshakeAllThreads done
Event: 20.628 Executing VM operation: HandshakeAllThreads
Event: 20.628 Executing VM operation: HandshakeAllThreads done
Event: 20.686 Executing VM operation: HandshakeAllThreads
Event: 20.687 Executing VM operation: HandshakeAllThreads done
Event: 20.787 Executing VM operation: ParallelGCFailedAllocation
Event: 20.797 Executing VM operation: ParallelGCFailedAllocation done
Event: 21.494 Executing VM operation: ParallelGCFailedAllocation
Event: 21.496 Executing VM operation: ParallelGCFailedAllocation done
Event: 22.063 Executing VM operation: HandshakeAllThreads
Event: 22.063 Executing VM operation: HandshakeAllThreads done
Event: 22.157 Executing VM operation: ParallelGCFailedAllocation
Event: 22.158 Executing VM operation: ParallelGCFailedAllocation done
Event: 22.883 Executing VM operation: HandshakeAllThreads
Event: 22.890 Executing VM operation: HandshakeAllThreads done
Event: 22.932 Executing VM operation: HandshakeAllThreads
Event: 22.935 Executing VM operation: HandshakeAllThreads done
Event: 23.072 Executing VM operation: HandshakeAllThreads
Event: 23.075 Executing VM operation: HandshakeAllThreads done

Events (20 events):
Event: 23.104 Thread 0x000002a97c01dc50 flushing nmethod 0x000002a900e22490
Event: 23.104 Thread 0x000002a97c01dc50 flushing nmethod 0x000002a900e23c90
Event: 23.104 Thread 0x000002a97c01dc50 flushing nmethod 0x000002a900e3d310
Event: 23.105 Thread 0x000002a97c01dc50 flushing nmethod 0x000002a900e65190
Event: 23.105 Thread 0x000002a97c01dc50 flushing nmethod 0x000002a900e65d10
Event: 23.105 Thread 0x000002a97c01dc50 flushing nmethod 0x000002a900e66610
Event: 23.105 Thread 0x000002a97c01dc50 flushing nmethod 0x000002a900e70090
Event: 23.105 Thread 0x000002a97c01dc50 flushing nmethod 0x000002a900e70990
Event: 23.105 Thread 0x000002a97c01dc50 flushing nmethod 0x000002a900e72310
Event: 23.105 Thread 0x000002a97c01dc50 flushing nmethod 0x000002a900e7df10
Event: 23.105 Thread 0x000002a97c01dc50 flushing nmethod 0x000002a900e7e710
Event: 23.105 Thread 0x000002a97c01dc50 flushing nmethod 0x000002a900e7f810
Event: 23.105 Thread 0x000002a97c01dc50 flushing nmethod 0x000002a900e87990
Event: 23.105 Thread 0x000002a97c01dc50 flushing nmethod 0x000002a900e98410
Event: 23.105 Thread 0x000002a97c01dc50 flushing nmethod 0x000002a900ea0190
Event: 23.105 Thread 0x000002a97c01dc50 flushing nmethod 0x000002a900ead990
Event: 23.105 Thread 0x000002a97c01dc50 flushing nmethod 0x000002a900ec5110
Event: 23.105 Thread 0x000002a97c01dc50 flushing nmethod 0x000002a900eedf10
Event: 23.105 Thread 0x000002a97c01dc50 flushing nmethod 0x000002a900f2c010
Event: 23.105 Thread 0x000002a97c01dc50 flushing nmethod 0x000002a900f35910


Dynamic libraries:
0x00007ff7ed4c0000 - 0x00007ff7ed4ce000 	c:\Users\ACER\.vscode\extensions\redhat.java-1.24.0-win32-x64\jre\17.0.8.1-win32-x86_64\bin\java.exe
0x00007ff817a70000 - 0x00007ff817c87000 	C:\WINDOWS\SYSTEM32\ntdll.dll
0x00007ff817720000 - 0x00007ff8177e4000 	C:\WINDOWS\System32\KERNEL32.DLL
0x00007ff815300000 - 0x00007ff8156a6000 	C:\WINDOWS\System32\KERNELBASE.dll
0x00007ff814fd0000 - 0x00007ff8150e1000 	C:\WINDOWS\System32\ucrtbase.dll
0x00007ffff2b00000 - 0x00007ffff2b19000 	c:\Users\ACER\.vscode\extensions\redhat.java-1.24.0-win32-x64\jre\17.0.8.1-win32-x86_64\bin\VCRUNTIME140.dll
0x00007ffff45f0000 - 0x00007ffff4607000 	c:\Users\ACER\.vscode\extensions\redhat.java-1.24.0-win32-x64\jre\17.0.8.1-win32-x86_64\bin\jli.dll
0x00007ff815c40000 - 0x00007ff815ded000 	C:\WINDOWS\System32\USER32.dll
0x00007ff8152d0000 - 0x00007ff8152f6000 	C:\WINDOWS\System32\win32u.dll
0x00007ff815b20000 - 0x00007ff815b49000 	C:\WINDOWS\System32\GDI32.dll
0x00007ff8151b0000 - 0x00007ff8152c8000 	C:\WINDOWS\System32\gdi32full.dll
0x00007ff815730000 - 0x00007ff8157ca000 	C:\WINDOWS\System32\msvcp_win.dll
0x00007ff801270000 - 0x00007ff801503000 	C:\WINDOWS\WinSxS\amd64_microsoft.windows.common-controls_6595b64144ccf1df_6.0.22621.2361_none_2712ced57382f843\COMCTL32.dll
0x00007ff815df0000 - 0x00007ff815e97000 	C:\WINDOWS\System32\msvcrt.dll
0x00007ff8167f0000 - 0x00007ff816821000 	C:\WINDOWS\System32\IMM32.DLL
0x00007ff80ccd0000 - 0x00007ff80ccdc000 	c:\Users\ACER\.vscode\extensions\redhat.java-1.24.0-win32-x64\jre\17.0.8.1-win32-x86_64\bin\vcruntime140_1.dll
0x00007fffe5ca0000 - 0x00007fffe5d31000 	c:\Users\ACER\.vscode\extensions\redhat.java-1.24.0-win32-x64\jre\17.0.8.1-win32-x86_64\bin\msvcp140.dll
0x00007fffe1440000 - 0x00007fffe208c000 	c:\Users\ACER\.vscode\extensions\redhat.java-1.24.0-win32-x64\jre\17.0.8.1-win32-x86_64\bin\server\jvm.dll
0x00007ff816720000 - 0x00007ff8167d0000 	C:\WINDOWS\System32\ADVAPI32.dll
0x00007ff817340000 - 0x00007ff8173e6000 	C:\WINDOWS\System32\sechost.dll
0x00007ff8168b0000 - 0x00007ff8169c7000 	C:\WINDOWS\System32\RPCRT4.dll
0x00007ff80f100000 - 0x00007ff80f134000 	C:\WINDOWS\SYSTEM32\WINMM.dll
0x00007ff803160000 - 0x00007ff803169000 	C:\WINDOWS\SYSTEM32\WSOCK32.dll
0x00007ff814cc0000 - 0x00007ff814d0d000 	C:\WINDOWS\SYSTEM32\POWRPROF.dll
0x00007ff80aee0000 - 0x00007ff80aeea000 	C:\WINDOWS\SYSTEM32\VERSION.dll
0x00007ff816830000 - 0x00007ff8168a1000 	C:\WINDOWS\System32\WS2_32.dll
0x00007ff814ca0000 - 0x00007ff814cb3000 	C:\WINDOWS\SYSTEM32\UMPDC.dll
0x00007ff813dd0000 - 0x00007ff813de8000 	C:\WINDOWS\SYSTEM32\kernel.appcore.dll
0x00007ffffc6b0000 - 0x00007ffffc6ba000 	c:\Users\ACER\.vscode\extensions\redhat.java-1.24.0-win32-x64\jre\17.0.8.1-win32-x86_64\bin\jimage.dll
0x00007ff80d8a0000 - 0x00007ff80dace000 	C:\WINDOWS\SYSTEM32\DBGHELP.DLL
0x00007ff815ea0000 - 0x00007ff81622a000 	C:\WINDOWS\System32\combase.dll
0x00007ff817950000 - 0x00007ff817a27000 	C:\WINDOWS\System32\OLEAUT32.dll
0x00007ff80c990000 - 0x00007ff80c9c2000 	C:\WINDOWS\SYSTEM32\dbgcore.DLL
0x00007ff8156b0000 - 0x00007ff81572a000 	C:\WINDOWS\System32\bcryptPrimitives.dll
0x00007ffff5fd0000 - 0x00007ffff5fde000 	c:\Users\ACER\.vscode\extensions\redhat.java-1.24.0-win32-x64\jre\17.0.8.1-win32-x86_64\bin\instrument.dll
0x00007fffe9820000 - 0x00007fffe9845000 	c:\Users\ACER\.vscode\extensions\redhat.java-1.24.0-win32-x64\jre\17.0.8.1-win32-x86_64\bin\java.dll
0x00007ffff1040000 - 0x00007ffff1058000 	c:\Users\ACER\.vscode\extensions\redhat.java-1.24.0-win32-x64\jre\17.0.8.1-win32-x86_64\bin\zip.dll
0x00007ff816ae0000 - 0x00007ff817338000 	C:\WINDOWS\System32\SHELL32.dll
0x00007ff812d50000 - 0x00007ff813642000 	C:\WINDOWS\SYSTEM32\windows.storage.dll
0x00007ff812c10000 - 0x00007ff812d4e000 	C:\WINDOWS\SYSTEM32\wintypes.dll
0x00007ff8157f0000 - 0x00007ff8158e3000 	C:\WINDOWS\System32\SHCORE.dll
0x00007ff8166c0000 - 0x00007ff81671e000 	C:\WINDOWS\System32\shlwapi.dll
0x00007ff814d20000 - 0x00007ff814d46000 	C:\WINDOWS\SYSTEM32\profapi.dll
0x00007fffef640000 - 0x00007fffef659000 	C:\Users\ACER\.vscode\extensions\redhat.java-1.24.0-win32-x64\jre\17.0.8.1-win32-x86_64\bin\net.dll
0x00007ff80e8e0000 - 0x00007ff80ea17000 	C:\WINDOWS\SYSTEM32\WINHTTP.dll
0x00007ff8142b0000 - 0x00007ff814319000 	C:\WINDOWS\system32\mswsock.dll
0x00007fffef5a0000 - 0x00007fffef5b5000 	C:\Users\ACER\.vscode\extensions\redhat.java-1.24.0-win32-x64\jre\17.0.8.1-win32-x86_64\bin\nio.dll
0x00007ffff5310000 - 0x00007ffff5320000 	c:\Users\ACER\.vscode\extensions\redhat.java-1.24.0-win32-x64\jre\17.0.8.1-win32-x86_64\bin\verify.dll
0x00007fffe9470000 - 0x00007fffe94ae000 	C:\Users\ACER\AppData\Roaming\Code\User\globalStorage\redhat.java\1.24.0\config_win\org.eclipse.equinox.launcher\org.eclipse.equinox.launcher.win32.win32.x86_64_1.2.700.v20221108-1024\eclipse_11801.dll
0x00007ff817480000 - 0x00007ff81761f000 	C:\WINDOWS\System32\ole32.dll
0x00007ff814510000 - 0x00007ff81452b000 	C:\WINDOWS\SYSTEM32\CRYPTSP.dll
0x00007ff813d90000 - 0x00007ff813dc5000 	C:\WINDOWS\system32\rsaenh.dll
0x00007ff8143a0000 - 0x00007ff8143cc000 	C:\WINDOWS\SYSTEM32\USERENV.dll
0x00007ff8146c0000 - 0x00007ff8146e8000 	C:\WINDOWS\SYSTEM32\bcrypt.dll
0x00007ff814500000 - 0x00007ff81450c000 	C:\WINDOWS\SYSTEM32\CRYPTBASE.dll
0x00007ff8138b0000 - 0x00007ff8138dd000 	C:\WINDOWS\SYSTEM32\IPHLPAPI.DLL
0x00007ff8166b0000 - 0x00007ff8166b9000 	C:\WINDOWS\System32\NSI.dll
0x00007ff80e800000 - 0x00007ff80e819000 	C:\WINDOWS\SYSTEM32\dhcpcsvc6.DLL
0x00007ff80e7e0000 - 0x00007ff80e7ff000 	C:\WINDOWS\SYSTEM32\dhcpcsvc.DLL
0x00007ff813920000 - 0x00007ff813a19000 	C:\WINDOWS\SYSTEM32\DNSAPI.dll
0x00007fffe5c00000 - 0x00007fffe5c45000 	C:\Users\ACER\AppData\Local\Temp\jna-2003023\jna5800070945659414482.dll
0x00007ff8167e0000 - 0x00007ff8167e8000 	C:\WINDOWS\System32\PSAPI.DLL

dbghelp: loaded successfully - version: 4.0.5 - missing functions: none
symbol engine: initialized successfully - sym options: 0x614 - pdb path: .;c:\Users\ACER\.vscode\extensions\redhat.java-1.24.0-win32-x64\jre\17.0.8.1-win32-x86_64\bin;C:\WINDOWS\SYSTEM32;C:\WINDOWS\WinSxS\amd64_microsoft.windows.common-controls_6595b64144ccf1df_6.0.22621.2361_none_2712ced57382f843;c:\Users\ACER\.vscode\extensions\redhat.java-1.24.0-win32-x64\jre\17.0.8.1-win32-x86_64\bin\server;C:\Users\ACER\AppData\Roaming\Code\User\globalStorage\redhat.java\1.24.0\config_win\org.eclipse.equinox.launcher\org.eclipse.equinox.launcher.win32.win32.x86_64_1.2.700.v20221108-1024;C:\Users\ACER\AppData\Local\Temp\jna-2003023

VM Arguments:
jvm_args: --add-modules=ALL-SYSTEM --add-opens=java.base/java.util=ALL-UNNAMED --add-opens=java.base/java.lang=ALL-UNNAMED --add-opens=java.base/sun.nio.fs=ALL-UNNAMED -Declipse.application=org.eclipse.jdt.ls.core.id1 -Dosgi.bundles.defaultStartLevel=4 -Declipse.product=org.eclipse.jdt.ls.core.product -Djava.import.generatesMetadataFilesAtProjectRoot=false -DDetectVMInstallationsJob.disabled=true -Dfile.encoding=utf8 -XX:+UseParallelGC -XX:GCTimeRatio=4 -XX:AdaptiveSizePolicyWeight=90 -Dsun.zip.disableMemoryMapping=true -Xmx1G -Xms100m -Xlog:disable -javaagent:c:\Users\ACER\.vscode\extensions\redhat.java-1.24.0-win32-x64\lombok\lombok-1.18.30.jar -XX:+HeapDumpOnOutOfMemoryError -XX:HeapDumpPath=c:\Users\ACER\AppData\Roaming\Code\User\workspaceStorage\2718e3623346e9ab750e71ee6b83b2c8\redhat.java -Daether.dependencyCollector.impl=bf 
java_command: c:\Users\ACER\.vscode\extensions\redhat.java-1.24.0-win32-x64\server\plugins\org.eclipse.equinox.launcher_1.6.500.v20230717-2134.jar -configuration c:\Users\ACER\AppData\Roaming\Code\User\globalStorage\redhat.java\1.24.0\config_win -data c:\Users\ACER\AppData\Roaming\Code\User\workspaceStorage\2718e3623346e9ab750e71ee6b83b2c8\redhat.java\jdt_ws --stdio
java_class_path (initial): c:\Users\ACER\.vscode\extensions\redhat.java-1.24.0-win32-x64\server\plugins\org.eclipse.equinox.launcher_1.6.500.v20230717-2134.jar
Launcher Type: SUN_STANDARD

[Global flags]
    uintx AdaptiveSizePolicyWeight                 = 90                                        {product} {command line}
     intx CICompilerCount                          = 4                                         {product} {ergonomic}
    uintx GCTimeRatio                              = 4                                         {product} {command line}
     bool HeapDumpOnOutOfMemoryError               = true                                   {manageable} {command line}
    ccstr HeapDumpPath                             = c:\Users\ACER\AppData\Roaming\Code\User\workspaceStorage\2718e3623346e9ab750e71ee6b83b2c8\redhat.java         {manageable} {command line}
   size_t InitialHeapSize                          = 104857600                                 {product} {command line}
   size_t MaxHeapSize                              = 1073741824                                {product} {command line}
   size_t MaxNewSize                               = 357564416                                 {product} {ergonomic}
   size_t MinHeapDeltaBytes                        = 524288                                    {product} {ergonomic}
   size_t MinHeapSize                              = 104857600                                 {product} {command line}
   size_t NewSize                                  = 34603008                                  {product} {ergonomic}
    uintx NonNMethodCodeHeapSize                   = 5839372                                {pd product} {ergonomic}
    uintx NonProfiledCodeHeapSize                  = 122909434                              {pd product} {ergonomic}
   size_t OldSize                                  = 70254592                                  {product} {ergonomic}
    uintx ProfiledCodeHeapSize                     = 122909434                              {pd product} {ergonomic}
    uintx ReservedCodeCacheSize                    = 251658240                              {pd product} {ergonomic}
     bool SegmentedCodeCache                       = true                                      {product} {ergonomic}
   size_t SoftMaxHeapSize                          = 1073741824                             {manageable} {ergonomic}
     bool UseCompressedClassPointers               = true                           {product lp64_product} {ergonomic}
     bool UseCompressedOops                        = true                           {product lp64_product} {ergonomic}
     bool UseLargePagesIndividualAllocation        = false                                  {pd product} {ergonomic}
     bool UseParallelGC                            = true                                      {product} {command line}

Logging:
Log output configuration:
 #0: stdout all=off uptime,level,tags
 #1: stderr all=off uptime,level,tags

Environment Variables:
PATH=C:\Program Files\Common Files\Oracle\Java\javapath;C:\Program Files\Python310\Scripts\;C:\Program Files\Python310\;C:\WINDOWS\system32;C:\WINDOWS;C:\WINDOWS\System32\Wbem;C:\WINDOWS\System32\WindowsPowerShell\v1.0\;C:\WINDOWS\System32\OpenSSH\;E:\Git\cmd;C:\Users\ACER\AppData\Local\Microsoft\WindowsApps;C:\Microsoft VS Code\bin;C:\Users\ACER\AppData\Local\GitHubDesktop\bin;C:\Program Files\JetBrains\IntelliJ IDEA Community Edition 2022.3.2\bin;;D:\Semester 3\Keamanan Jaringan Komputer\Nmap
USERNAME=ACER
OS=Windows_NT
PROCESSOR_IDENTIFIER=AMD64 Family 23 Model 104 Stepping 1, AuthenticAMD
TMP=C:\Users\ACER\AppData\Local\Temp
TEMP=C:\Users\ACER\AppData\Local\Temp



---------------  S Y S T E M  ---------------

OS:
 Windows 11 , 64 bit Build 22621 (10.0.22621.2428)
OS uptime: 0 days 4:58 hours

CPU: total 12 (initial active 12) (12 cores per cpu, 2 threads per core) family 23 model 104 stepping 1 microcode 0x0, cx8, cmov, fxsr, ht, mmx, 3dnowpref, sse, sse2, sse3, ssse3, sse4a, sse4.1, sse4.2, popcnt, lzcnt, tsc, tscinvbit, avx, avx2, aes, clmul, bmi1, bmi2, adx, sha, fma, vzeroupper, clflush, clflushopt
Processor Information for all 12 processors :
  Max Mhz: 2100, Current Mhz: 1893, Mhz Limit: 2100

Memory: 4k page, system-wide physical 7530M (607M free)
TotalPageFile size 14921M (AvailPageFile size 4M)
current process WorkingSet (physical memory assigned to process): 270M, peak: 272M
current process commit charge ("private bytes"): 347M, peak: 349M

vm_info: OpenJDK 64-Bit Server VM (17.0.8.1+1) for windows-amd64 JRE (17.0.8.1+1), built on Aug 23 2023 15:29:17 by "admin" with MS VC++ 16.7 (VS2019)

END.
