#
# There is insufficient memory for the Java Runtime Environment to continue.
# Native memory allocation (malloc) failed to allocate 198576 bytes for Chunk::new
# Possible reasons:
#   The system is out of physical RAM or swap space
#   The process is running with CompressedOops enabled, and the Java Heap may be blocking the growth of the native heap
# Possible solutions:
#   Reduce memory load on the system
#   Increase physical memory or swap space
#   Check if swap backing store is full
#   Decrease Java heap size (-Xmx/-Xms)
#   Decrease number of Java threads
#   Decrease Java thread stack sizes (-Xss)
#   Set larger code cache with -XX:ReservedCodeCacheSize=
#   JVM is running with Unscaled Compressed Oops mode in which the Java heap is
#     placed in the first 4GB address space. The Java Heap base address is the
#     maximum limit for the native heap growth. Please use -XX:HeapBaseMinAddress
#     to set the Java Heap base and to place the Java Heap above 4GB virtual address.
# This output file may be truncated or incomplete.
#
#  Out of Memory Error (arena.cpp:189), pid=7456, tid=17276
#
# JRE version: OpenJDK Runtime Environment Temurin-17.0.8.1+1 (17.0.8.1+1) (build 17.0.8.1+1)
# Java VM: OpenJDK 64-Bit Server VM Temurin-17.0.8.1+1 (17.0.8.1+1, mixed mode, tiered, compressed oops, compressed class ptrs, parallel gc, windows-amd64)
# No core dump will be written. Minidumps are not enabled by default on client versions of Windows
#

---------------  S U M M A R Y ------------

Command Line: --add-modules=ALL-SYSTEM --add-opens=java.base/java.util=ALL-UNNAMED --add-opens=java.base/java.lang=ALL-UNNAMED --add-opens=java.base/sun.nio.fs=ALL-UNNAMED -Declipse.application=org.eclipse.jdt.ls.core.id1 -Dosgi.bundles.defaultStartLevel=4 -Declipse.product=org.eclipse.jdt.ls.core.product -Djava.import.generatesMetadataFilesAtProjectRoot=false -DDetectVMInstallationsJob.disabled=true -Dfile.encoding=utf8 -XX:+UseParallelGC -XX:GCTimeRatio=4 -XX:AdaptiveSizePolicyWeight=90 -Dsun.zip.disableMemoryMapping=true -Xmx1G -Xms100m -Xlog:disable -javaagent:c:\Users\ACER\.vscode\extensions\redhat.java-1.24.0-win32-x64\lombok\lombok-1.18.30.jar c:\Users\ACER\.vscode\extensions\redhat.java-1.24.0-win32-x64\server\plugins\org.eclipse.equinox.launcher_1.6.500.v20230717-2134.jar -configuration c:\Users\ACER\AppData\Roaming\Code\User\globalStorage\redhat.java\1.24.0\config_ss_win -data c:\Users\ACER\AppData\Roaming\Code\User\workspaceStorage\2718e3623346e9ab750e71ee6b83b2c8\redhat.java\ss_ws --stdio

Host: AMD Ryzen 5 5500U with Radeon Graphics         , 12 cores, 7G,  Windows 11 , 64 bit Build 22621 (10.0.22621.2428)
Time: Fri Nov 17 00:35:17 2023 SE Asia Standard Time elapsed time: 2.918163 seconds (0d 0h 0m 2s)

---------------  T H R E A D  ---------------

Current thread (0x0000012f7a820ec0):  JavaThread "C2 CompilerThread0" daemon [_thread_in_native, id=17276, stack(0x0000002f5a700000,0x0000002f5a800000)]


Current CompileTask:
C2:   2918 1412       4       java.io.WinNTFileSystem::normalize (143 bytes)

Stack: [0x0000002f5a700000,0x0000002f5a800000]
Native frames: (J=compiled Java code, j=interpreted, Vv=VM code, C=native code)
V  [jvm.dll+0x678b0a]
V  [jvm.dll+0x835e84]
V  [jvm.dll+0x83762e]
V  [jvm.dll+0x837c93]
V  [jvm.dll+0x24746f]
V  [jvm.dll+0xac20c]
V  [jvm.dll+0xac7dc]
V  [jvm.dll+0x365c52]
V  [jvm.dll+0x1bcca5]
V  [jvm.dll+0x219d49]
V  [jvm.dll+0x219011]
V  [jvm.dll+0x1a534d]
V  [jvm.dll+0x228d8a]
V  [jvm.dll+0x226dcc]
V  [jvm.dll+0x7ec09b]
V  [jvm.dll+0x7e64ca]
V  [jvm.dll+0x677955]
C  [ucrtbase.dll+0x29363]
C  [KERNEL32.DLL+0x1257d]
C  [ntdll.dll+0x5aa78]


---------------  P R O C E S S  ---------------

Threads class SMR info:
_java_thread_list=0x0000012f7c7eb770, length=16, elements={
0x0000012f708b96a0, 0x0000012f75723020, 0x0000012f75725090, 0x0000012f7a803210,
0x0000012f7572e0e0, 0x0000012f7a8181e0, 0x0000012f7a81f070, 0x0000012f7a820ec0,
0x0000012f7a825170, 0x0000012f7a825d90, 0x0000012f7091ba40, 0x0000012f7ab22990,
0x0000012f7c735090, 0x0000012f7c67c2f0, 0x0000012f7c962b60, 0x0000012f7c944ad0
}

Java Threads: ( => current thread )
  0x0000012f708b96a0 JavaThread "main" [_thread_blocked, id=15884, stack(0x0000002f59e00000,0x0000002f59f00000)]
  0x0000012f75723020 JavaThread "Reference Handler" daemon [_thread_blocked, id=3556, stack(0x0000002f5a100000,0x0000002f5a200000)]
  0x0000012f75725090 JavaThread "Finalizer" daemon [_thread_blocked, id=9292, stack(0x0000002f5a200000,0x0000002f5a300000)]
  0x0000012f7a803210 JavaThread "Signal Dispatcher" daemon [_thread_blocked, id=9520, stack(0x0000002f5a300000,0x0000002f5a400000)]
  0x0000012f7572e0e0 JavaThread "Attach Listener" daemon [_thread_blocked, id=7756, stack(0x0000002f5a400000,0x0000002f5a500000)]
  0x0000012f7a8181e0 JavaThread "Service Thread" daemon [_thread_blocked, id=15700, stack(0x0000002f5a500000,0x0000002f5a600000)]
  0x0000012f7a81f070 JavaThread "Monitor Deflation Thread" daemon [_thread_blocked, id=6116, stack(0x0000002f5a600000,0x0000002f5a700000)]
=>0x0000012f7a820ec0 JavaThread "C2 CompilerThread0" daemon [_thread_in_native, id=17276, stack(0x0000002f5a700000,0x0000002f5a800000)]
  0x0000012f7a825170 JavaThread "C1 CompilerThread0" daemon [_thread_in_native, id=736, stack(0x0000002f5a800000,0x0000002f5a900000)]
  0x0000012f7a825d90 JavaThread "Sweeper thread" daemon [_thread_blocked, id=11972, stack(0x0000002f5a900000,0x0000002f5aa00000)]
  0x0000012f7091ba40 JavaThread "Common-Cleaner" daemon [_thread_blocked, id=340, stack(0x0000002f5aa00000,0x0000002f5ab00000)]
  0x0000012f7ab22990 JavaThread "Notification Thread" daemon [_thread_blocked, id=16676, stack(0x0000002f5ab00000,0x0000002f5ac00000)]
  0x0000012f7c735090 JavaThread "C2 CompilerThread1" daemon [_thread_in_native, id=6168, stack(0x0000002f5b300000,0x0000002f5b400000)]
  0x0000012f7c67c2f0 JavaThread "Active Thread: Equinox Container: f86236ce-41b4-4846-856e-374e58d98002" [_thread_blocked, id=17200, stack(0x0000002f5b400000,0x0000002f5b500000)]
  0x0000012f7c962b60 JavaThread "Framework Event Dispatcher: Equinox Container: f86236ce-41b4-4846-856e-374e58d98002" daemon [_thread_blocked, id=14184, stack(0x0000002f5b500000,0x0000002f5b600000)]
  0x0000012f7c944ad0 JavaThread "Start Level: Equinox Container: f86236ce-41b4-4846-856e-374e58d98002" daemon [_thread_in_Java, id=1016, stack(0x0000002f5b600000,0x0000002f5b700000)]

Other Threads:
  0x0000012f70966be0 VMThread "VM Thread" [stack: 0x0000002f5a000000,0x0000002f5a100000] [id=17128]
  0x0000012f7aaff130 WatcherThread [stack: 0x0000002f5ac00000,0x0000002f5ad00000] [id=192]
  0x0000012f708ccbb0 GCTaskThread "GC Thread#0" [stack: 0x0000002f59f00000,0x0000002f5a000000] [id=15844]
  0x0000012f7c782450 GCTaskThread "GC Thread#1" [stack: 0x0000002f5ad00000,0x0000002f5ae00000] [id=14908]
  0x0000012f7c9a6060 GCTaskThread "GC Thread#2" [stack: 0x0000002f5ae00000,0x0000002f5af00000] [id=5708]
  0x0000012f7c9a6320 GCTaskThread "GC Thread#3" [stack: 0x0000002f5af00000,0x0000002f5b000000] [id=3940]
  0x0000012f7c9a65e0 GCTaskThread "GC Thread#4" [stack: 0x0000002f5b000000,0x0000002f5b100000] [id=13596]
  0x0000012f7c9a68a0 GCTaskThread "GC Thread#5" [stack: 0x0000002f5b100000,0x0000002f5b200000] [id=13896]
  0x0000012f7c9a6b60 GCTaskThread "GC Thread#6" [stack: 0x0000002f5b200000,0x0000002f5b300000] [id=9640]

Threads with active compile tasks:
C2 CompilerThread0     2959 1412       4       java.io.WinNTFileSystem::normalize (143 bytes)
C2 CompilerThread1     2959 1421       4       java.lang.StringLatin1::inflate (34 bytes)

VM state: not at safepoint (normal execution)

VM Mutex/Monitor currently owned by a thread: None

Heap address: 0x00000000c0000000, size: 1024 MB, Compressed Oops mode: 32-bit

CDS archive(s) not mapped
Compressed class space mapped at: 0x0000000100000000-0x0000000140000000, reserved size: 1073741824
Narrow klass base: 0x0000000000000000, Narrow klass shift: 3, Narrow klass range: 0x140000000

GC Precious Log:
 CPUs: 12 total, 12 available
 Memory: 7530M
 Large Page Support: Disabled
 NUMA Support: Disabled
 Compressed Oops: Enabled (32-bit)
 Alignments: Space 512K, Generation 512K, Heap 2M
 Heap Min Capacity: 100M
 Heap Initial Capacity: 100M
 Heap Max Capacity: 1G
 Pre-touch: Disabled
 Parallel Workers: 10

Heap:
 PSYoungGen      total 29696K, used 23116K [0x00000000eab00000, 0x00000000ecc00000, 0x0000000100000000)
  eden space 25600K, 78% used [0x00000000eab00000,0x00000000ebe842d0,0x00000000ec400000)
  from space 4096K, 76% used [0x00000000ec400000,0x00000000ec70f090,0x00000000ec800000)
  to   space 4096K, 0% used [0x00000000ec800000,0x00000000ec800000,0x00000000ecc00000)
 ParOldGen       total 68608K, used 16K [0x00000000c0000000, 0x00000000c4300000, 0x00000000eab00000)
  object space 68608K, 0% used [0x00000000c0000000,0x00000000c0004000,0x00000000c4300000)
 Metaspace       used 13903K, committed 14080K, reserved 1114112K
  class space    used 1386K, committed 1472K, reserved 1048576K

Card table byte_map: [0x0000012f70280000,0x0000012f70490000] _byte_map_base: 0x0000012f6fc80000

Marking Bits: (ParMarkBitMap*) 0x00007fffe1fc83a0
 Begin Bits: [0x0000012f73530000, 0x0000012f74530000)
 End Bits:   [0x0000012f74530000, 0x0000012f75530000)

Polling page: 0x0000012f70070000

Metaspace:

Usage:
  Non-class:     12.22 MB used.
      Class:      1.35 MB used.
       Both:     13.58 MB used.

Virtual space:
  Non-class space:       64.00 MB reserved,      12.31 MB ( 19%) committed,  1 nodes.
      Class space:        1.00 GB reserved,       1.44 MB ( <1%) committed,  1 nodes.
             Both:        1.06 GB reserved,      13.75 MB (  1%) committed. 

Chunk freelists:
   Non-Class:  3.30 MB
       Class:  14.48 MB
        Both:  17.77 MB

MaxMetaspaceSize: unlimited
CompressedClassSpaceSize: 1.00 GB
Initial GC threshold: 21.00 MB
Current GC threshold: 21.00 MB
CDS: off
MetaspaceReclaimPolicy: balanced
 - commit_granule_bytes: 65536.
 - commit_granule_words: 8192.
 - virtual_space_node_default_size: 8388608.
 - enlarge_chunks_in_place: 1.
 - new_chunks_are_fully_committed: 0.
 - uncommit_free_chunks: 1.
 - use_allocation_guard: 0.
 - handle_deallocations: 1.


Internal statistics:

num_allocs_failed_limit: 0.
num_arena_births: 54.
num_arena_deaths: 0.
num_vsnodes_births: 2.
num_vsnodes_deaths: 0.
num_space_committed: 221.
num_space_uncommitted: 0.
num_chunks_returned_to_freelist: 0.
num_chunks_taken_from_freelist: 226.
num_chunk_merges: 0.
num_chunk_splits: 150.
num_chunks_enlarged: 120.
num_inconsistent_stats: 0.

CodeHeap 'non-profiled nmethods': size=120000Kb used=610Kb max_used=610Kb free=119390Kb
 bounds [0x0000012f07ad0000, 0x0000012f07d40000, 0x0000012f0f000000]
CodeHeap 'profiled nmethods': size=120000Kb used=2703Kb max_used=2703Kb free=117296Kb
 bounds [0x0000012f00000000, 0x0000012f002b0000, 0x0000012f07530000]
CodeHeap 'non-nmethods': size=5760Kb used=1161Kb max_used=1179Kb free=4598Kb
 bounds [0x0000012f07530000, 0x0000012f077a0000, 0x0000012f07ad0000]
 total_blobs=1902 nmethods=1450 adapters=365
 compilation: enabled
              stopped_count=0, restarted_count=0
 full_count=0

Compilation events (20 events):
Event: 2.847 Thread 0x0000012f7a825170 1414       3       org.eclipse.osgi.internal.framework.EquinoxConfiguration$ConfigValues::internalGet (24 bytes)
Event: 2.848 Thread 0x0000012f7a825170 nmethod 1414 0x0000012f0028ac90 code [0x0000012f0028af40, 0x0000012f0028bb68]
Event: 2.852 Thread 0x0000012f7c735090 1415       4       sun.nio.fs.WindowsPathParser::isInvalidPathChar (22 bytes)
Event: 2.854 Thread 0x0000012f7c735090 nmethod 1415 0x0000012f07b65110 code [0x0000012f07b65280, 0x0000012f07b653f8]
Event: 2.856 Thread 0x0000012f7a825170 1416       3       java.util.Collections::emptyIterator (4 bytes)
Event: 2.856 Thread 0x0000012f7a825170 nmethod 1416 0x0000012f0028bf90 code [0x0000012f0028c120, 0x0000012f0028c218]
Event: 2.880 Thread 0x0000012f7c735090 1417 %     4       java.io.WinNTFileSystem::normalize @ 58 (224 bytes)
Event: 2.883 Thread 0x0000012f7a825170 1418       3       java.io.File::isAbsolute (8 bytes)
Event: 2.884 Thread 0x0000012f7a825170 nmethod 1418 0x0000012f0028c290 code [0x0000012f0028c440, 0x0000012f0028c5a8]
Event: 2.884 Thread 0x0000012f7a825170 1419       3       java.io.WinNTFileSystem::isAbsolute (36 bytes)
Event: 2.885 Thread 0x0000012f7a825170 nmethod 1419 0x0000012f0028c690 code [0x0000012f0028c8a0, 0x0000012f0028cf38]
Event: 2.885 Thread 0x0000012f7a825170 1420       3       java.net.URL::<init> (438 bytes)
Event: 2.903 Thread 0x0000012f7a825170 nmethod 1420 0x0000012f0028d210 code [0x0000012f0028d9c0, 0x0000012f002917a8]
Event: 2.903 Thread 0x0000012f7a825170 1422       3       java.io.File::slashify (84 bytes)
Event: 2.905 Thread 0x0000012f7a825170 nmethod 1422 0x0000012f00292d90 code [0x0000012f002930a0, 0x0000012f00293f28]
Event: 2.905 Thread 0x0000012f7a825170 1424       3       sun.net.util.IPAddressUtil::scan (62 bytes)
Event: 2.906 Thread 0x0000012f7a825170 nmethod 1424 0x0000012f00294490 code [0x0000012f002946c0, 0x0000012f00294fa8]
Event: 2.906 Thread 0x0000012f7a825170 1425       3       java.lang.StringLatin1::toChars (16 bytes)
Event: 2.906 Thread 0x0000012f7a825170 nmethod 1425 0x0000012f00295390 code [0x0000012f00295540, 0x0000012f00295708]
Event: 2.913 Thread 0x0000012f7a825170 1426   !   3       java.security.Security::getSpiClass (75 bytes)

GC Heap History (2 events):
Event: 1.856 GC heap before
{Heap before GC invocations=1 (full 0):
 PSYoungGen      total 29696K, used 25600K [0x00000000eab00000, 0x00000000ecc00000, 0x0000000100000000)
  eden space 25600K, 100% used [0x00000000eab00000,0x00000000ec400000,0x00000000ec400000)
  from space 4096K, 0% used [0x00000000ec800000,0x00000000ec800000,0x00000000ecc00000)
  to   space 4096K, 0% used [0x00000000ec400000,0x00000000ec400000,0x00000000ec800000)
 ParOldGen       total 68608K, used 0K [0x00000000c0000000, 0x00000000c4300000, 0x00000000eab00000)
  object space 68608K, 0% used [0x00000000c0000000,0x00000000c0000000,0x00000000c4300000)
 Metaspace       used 11025K, committed 11200K, reserved 1114112K
  class space    used 1100K, committed 1216K, reserved 1048576K
}
Event: 1.868 GC heap after
{Heap after GC invocations=1 (full 0):
 PSYoungGen      total 29696K, used 3132K [0x00000000eab00000, 0x00000000ecc00000, 0x0000000100000000)
  eden space 25600K, 0% used [0x00000000eab00000,0x00000000eab00000,0x00000000ec400000)
  from space 4096K, 76% used [0x00000000ec400000,0x00000000ec70f090,0x00000000ec800000)
  to   space 4096K, 0% used [0x00000000ec800000,0x00000000ec800000,0x00000000ecc00000)
 ParOldGen       total 68608K, used 16K [0x00000000c0000000, 0x00000000c4300000, 0x00000000eab00000)
  object space 68608K, 0% used [0x00000000c0000000,0x00000000c0004000,0x00000000c4300000)
 Metaspace       used 11025K, committed 11200K, reserved 1114112K
  class space    used 1100K, committed 1216K, reserved 1048576K
}

Dll operation events (8 events):
Event: 0.013 Loaded shared library c:\Users\ACER\.vscode\extensions\redhat.java-1.24.0-win32-x64\jre\17.0.8.1-win32-x86_64\bin\java.dll
Event: 0.232 Loaded shared library c:\Users\ACER\.vscode\extensions\redhat.java-1.24.0-win32-x64\jre\17.0.8.1-win32-x86_64\bin\zip.dll
Event: 0.236 Loaded shared library C:\Users\ACER\.vscode\extensions\redhat.java-1.24.0-win32-x64\jre\17.0.8.1-win32-x86_64\bin\instrument.dll
Event: 0.255 Loaded shared library C:\Users\ACER\.vscode\extensions\redhat.java-1.24.0-win32-x64\jre\17.0.8.1-win32-x86_64\bin\net.dll
Event: 0.257 Loaded shared library C:\Users\ACER\.vscode\extensions\redhat.java-1.24.0-win32-x64\jre\17.0.8.1-win32-x86_64\bin\nio.dll
Event: 0.299 Loaded shared library C:\Users\ACER\.vscode\extensions\redhat.java-1.24.0-win32-x64\jre\17.0.8.1-win32-x86_64\bin\zip.dll
Event: 0.331 Loaded shared library C:\Users\ACER\.vscode\extensions\redhat.java-1.24.0-win32-x64\jre\17.0.8.1-win32-x86_64\bin\jimage.dll
Event: 0.482 Loaded shared library c:\Users\ACER\.vscode\extensions\redhat.java-1.24.0-win32-x64\jre\17.0.8.1-win32-x86_64\bin\verify.dll

Deoptimization events (20 events):
Event: 2.094 Thread 0x0000012f708b96a0 DEOPT PACKING pc=0x0000012f07b0d084 sp=0x0000002f59ef83e0
Event: 2.094 Thread 0x0000012f708b96a0 DEOPT UNPACKING pc=0x0000012f075866a3 sp=0x0000002f59ef8348 mode 2
Event: 2.097 Thread 0x0000012f708b96a0 DEOPT PACKING pc=0x0000012f000715c5 sp=0x0000002f59ef7870
Event: 2.097 Thread 0x0000012f708b96a0 DEOPT UNPACKING pc=0x0000012f07586e43 sp=0x0000002f59ef6d20 mode 0
Event: 2.111 Thread 0x0000012f708b96a0 DEOPT PACKING pc=0x0000012f000715c5 sp=0x0000002f59ef3c50
Event: 2.111 Thread 0x0000012f708b96a0 DEOPT UNPACKING pc=0x0000012f07586e43 sp=0x0000002f59ef3100 mode 0
Event: 2.118 Thread 0x0000012f708b96a0 DEOPT PACKING pc=0x0000012f000715c5 sp=0x0000002f59ef3c50
Event: 2.118 Thread 0x0000012f708b96a0 DEOPT UNPACKING pc=0x0000012f07586e43 sp=0x0000002f59ef3100 mode 0
Event: 2.137 Thread 0x0000012f708b96a0 DEOPT PACKING pc=0x0000012f000715c5 sp=0x0000002f59ef3c50
Event: 2.137 Thread 0x0000012f708b96a0 DEOPT UNPACKING pc=0x0000012f07586e43 sp=0x0000002f59ef3100 mode 0
Event: 2.146 Thread 0x0000012f708b96a0 DEOPT PACKING pc=0x0000012f000715c5 sp=0x0000002f59ef7780
Event: 2.146 Thread 0x0000012f708b96a0 DEOPT UNPACKING pc=0x0000012f07586e43 sp=0x0000002f59ef6c30 mode 0
Event: 2.607 Thread 0x0000012f708b96a0 Uncommon trap: trap_request=0xffffffde fr.pc=0x0000012f07b38448 relative=0x0000000000000908
Event: 2.607 Thread 0x0000012f708b96a0 Uncommon trap: reason=class_check action=maybe_recompile pc=0x0000012f07b38448 method=java.util.HashMap.putVal(ILjava/lang/Object;Ljava/lang/Object;ZZ)Ljava/lang/Object; @ 253 c2
Event: 2.607 Thread 0x0000012f708b96a0 DEOPT PACKING pc=0x0000012f07b38448 sp=0x0000002f59efdd00
Event: 2.607 Thread 0x0000012f708b96a0 DEOPT UNPACKING pc=0x0000012f075866a3 sp=0x0000002f59efdc80 mode 2
Event: 2.611 Thread 0x0000012f708b96a0 Uncommon trap: trap_request=0xffffffde fr.pc=0x0000012f07b38448 relative=0x0000000000000908
Event: 2.611 Thread 0x0000012f708b96a0 Uncommon trap: reason=class_check action=maybe_recompile pc=0x0000012f07b38448 method=java.util.HashMap.putVal(ILjava/lang/Object;Ljava/lang/Object;ZZ)Ljava/lang/Object; @ 253 c2
Event: 2.612 Thread 0x0000012f708b96a0 DEOPT PACKING pc=0x0000012f07b38448 sp=0x0000002f59efdd00
Event: 2.612 Thread 0x0000012f708b96a0 DEOPT UNPACKING pc=0x0000012f075866a3 sp=0x0000002f59efdc80 mode 2

Classes unloaded (0 events):
No events

Classes redefined (0 events):
No events

Internal exceptions (20 events):
Event: 1.222 Thread 0x0000012f708b96a0 Exception <a 'java/io/FileNotFoundException'{0x00000000eb86cbf0}> (0x00000000eb86cbf0) 
thrown [s\src\hotspot\share\prims\jni.cpp, line 516]
Event: 1.280 Thread 0x0000012f708b96a0 Implicit null exception at 0x0000012f07b0e672 to 0x0000012f07b0eb90
Event: 1.280 Thread 0x0000012f708b96a0 Implicit null exception at 0x0000012f07b0f1f2 to 0x0000012f07b0f720
Event: 1.283 Thread 0x0000012f708b96a0 Exception <a 'java/io/FileNotFoundException'{0x00000000eb8a5f60}> (0x00000000eb8a5f60) 
thrown [s\src\hotspot\share\prims\jni.cpp, line 516]
Event: 1.644 Thread 0x0000012f708b96a0 Exception <a 'java/lang/ClassNotFoundException'{0x00000000ec0a9210}: sun/net/www/protocol/c/Handler> (0x00000000ec0a9210) 
thrown [s\src\hotspot\share\classfile\systemDictionary.cpp, line 256]
Event: 1.645 Thread 0x0000012f708b96a0 Exception <a 'java/lang/ClassNotFoundException'{0x00000000ec0aa580}: sun/net/www/protocol/d/Handler> (0x00000000ec0aa580) 
thrown [s\src\hotspot\share\classfile\systemDictionary.cpp, line 256]
Event: 1.645 Thread 0x0000012f708b96a0 Exception <a 'java/lang/ClassNotFoundException'{0x00000000ec0ab748}: sun/net/www/protocol/c/Handler> (0x00000000ec0ab748) 
thrown [s\src\hotspot\share\classfile\systemDictionary.cpp, line 256]
Event: 1.657 Thread 0x0000012f708b96a0 Exception <a 'java/io/FileNotFoundException'{0x00000000ec0ca548}> (0x00000000ec0ca548) 
thrown [s\src\hotspot\share\prims\jni.cpp, line 516]
Event: 1.720 Thread 0x0000012f708b96a0 Implicit null exception at 0x0000012f07b2e67b to 0x0000012f07b2f018
Event: 1.720 Thread 0x0000012f708b96a0 Implicit null exception at 0x0000012f07b240ec to 0x0000012f07b242cc
Event: 1.720 Thread 0x0000012f708b96a0 Implicit null exception at 0x0000012f07b254ec to 0x0000012f07b256cc
Event: 1.720 Thread 0x0000012f708b96a0 Implicit null exception at 0x0000012f07b1a58f to 0x0000012f07b1a605
Event: 1.836 Thread 0x0000012f708b96a0 Exception <a 'java/lang/NoSuchMethodError'{0x00000000ec395380}: 'int java.lang.invoke.DirectMethodHandle$Holder.invokeStaticInit(java.lang.Object, java.lang.Object, java.lang.Object, java.lang.Object)'> (0x00000000ec395380) 
thrown [s\src\hotspot\share\interpreter\linkResolver.cpp, line 759]
Event: 1.838 Thread 0x0000012f708b96a0 Exception <a 'java/lang/NoSuchMethodError'{0x00000000ec39f9f0}: 'java.lang.Object java.lang.invoke.DirectMethodHandle$Holder.invokeInterface(java.lang.Object, java.lang.Object)'> (0x00000000ec39f9f0) 
thrown [s\src\hotspot\share\interpreter\linkResolver.cpp, line 759]
Event: 1.838 Thread 0x0000012f708b96a0 Exception <a 'java/lang/IncompatibleClassChangeError'{0x00000000ec3a31e8}: Found class java.lang.Object, but interface was expected> (0x00000000ec3a31e8) 
thrown [s\src\hotspot\share\interpreter\linkResolver.cpp, line 826]
Event: 1.839 Thread 0x0000012f708b96a0 Exception <a 'java/lang/NoSuchMethodError'{0x00000000ec3a76e0}: 'void java.lang.invoke.DirectMethodHandle$Holder.invokeStatic(java.lang.Object, java.lang.Object)'> (0x00000000ec3a76e0) 
thrown [s\src\hotspot\share\interpreter\linkResolver.cpp, line 759]
Event: 1.839 Thread 0x0000012f708b96a0 Exception <a 'java/lang/NoSuchMethodError'{0x00000000ec3aaee0}: 'void java.lang.invoke.DirectMethodHandle$Holder.invokeStaticInit(java.lang.Object, java.lang.Object)'> (0x00000000ec3aaee0) 
thrown [s\src\hotspot\share\interpreter\linkResolver.cpp, line 759]
Event: 1.841 Thread 0x0000012f708b96a0 Exception <a 'java/lang/NoSuchMethodError'{0x00000000ec3b2518}: 'int java.lang.invoke.DirectMethodHandle$Holder.invokeStaticInit(java.lang.Object, java.lang.Object)'> (0x00000000ec3b2518) 
thrown [s\src\hotspot\share\interpreter\linkResolver.cpp, line 759]
Event: 1.975 Thread 0x0000012f708b96a0 Exception <a 'java/lang/NoSuchMethodError'{0x00000000eabda168}: 'void java.lang.invoke.DirectMethodHandle$Holder.invokeSpecial(java.lang.Object, java.lang.Object, java.lang.Object)'> (0x00000000eabda168) 
thrown [s\src\hotspot\share\interpreter\linkResolver.cpp, line 759]
Event: 2.581 Thread 0x0000012f708b96a0 Exception <a 'java/lang/NoSuchMethodError'{0x00000000eb879da0}: 'java.lang.Object java.lang.invoke.DirectMethodHandle$Holder.newInvokeSpecial(java.lang.Object, int, java.lang.Object)'> (0x00000000eb879da0) 
thrown [s\src\hotspot\share\interpreter\linkResolver.cpp, line 759]

VM Operations (20 events):
Event: 0.388 Executing VM operation: HandshakeAllThreads
Event: 0.388 Executing VM operation: HandshakeAllThreads done
Event: 1.169 Executing VM operation: HandshakeAllThreads
Event: 1.169 Executing VM operation: HandshakeAllThreads done
Event: 1.169 Executing VM operation: Cleanup
Event: 1.169 Executing VM operation: Cleanup done
Event: 1.211 Executing VM operation: HandshakeAllThreads
Event: 1.211 Executing VM operation: HandshakeAllThreads done
Event: 1.612 Executing VM operation: HandshakeAllThreads
Event: 1.612 Executing VM operation: HandshakeAllThreads done
Event: 1.856 Executing VM operation: ParallelGCFailedAllocation
Event: 1.874 Executing VM operation: ParallelGCFailedAllocation done
Event: 2.481 Executing VM operation: HandshakeAllThreads
Event: 2.481 Executing VM operation: HandshakeAllThreads done
Event: 2.481 Executing VM operation: HandshakeAllThreads
Event: 2.482 Executing VM operation: HandshakeAllThreads done
Event: 2.495 Executing VM operation: HandshakeAllThreads
Event: 2.495 Executing VM operation: HandshakeAllThreads done
Event: 2.532 Executing VM operation: HandshakeAllThreads
Event: 2.532 Executing VM operation: HandshakeAllThreads done

Events (20 events):
Event: 2.634 loading class java/net/ContentHandlerFactory
Event: 2.634 loading class java/net/ContentHandlerFactory done
Event: 2.640 loading class java/net/ContentHandler
Event: 2.640 loading class java/net/ContentHandler done
Event: 2.704 loading class javax/xml/parsers/ParserConfigurationException
Event: 2.704 loading class javax/xml/parsers/ParserConfigurationException done
Event: 2.710 loading class java/security/KeyStoreException
Event: 2.710 loading class java/security/KeyStoreException done
Event: 2.741 loading class java/util/LinkedList$Node
Event: 2.741 loading class java/util/LinkedList$Node done
Event: 2.741 loading class java/util/LinkedList$ListItr
Event: 2.741 loading class java/util/LinkedList$ListItr done
Event: 2.774 loading class sun/nio/fs/WindowsChannelFactory
Event: 2.774 loading class sun/nio/fs/WindowsChannelFactory done
Event: 2.774 loading class sun/nio/fs/WindowsChannelFactory$1
Event: 2.774 loading class sun/nio/fs/WindowsChannelFactory$1 done
Event: 2.774 loading class sun/nio/fs/WindowsChannelFactory$Flags
Event: 2.774 loading class sun/nio/fs/WindowsChannelFactory$Flags done
Event: 2.775 loading class sun/nio/ch/FileChannelImpl$Closer
Event: 2.775 loading class sun/nio/ch/FileChannelImpl$Closer done


Dynamic libraries:
0x00007ff7ed4c0000 - 0x00007ff7ed4ce000 	c:\Users\ACER\.vscode\extensions\redhat.java-1.24.0-win32-x64\jre\17.0.8.1-win32-x86_64\bin\java.exe
0x00007ff817a70000 - 0x00007ff817c87000 	C:\WINDOWS\SYSTEM32\ntdll.dll
0x00007ff817720000 - 0x00007ff8177e4000 	C:\WINDOWS\System32\KERNEL32.DLL
0x00007ff815300000 - 0x00007ff8156a6000 	C:\WINDOWS\System32\KERNELBASE.dll
0x00007ff814fd0000 - 0x00007ff8150e1000 	C:\WINDOWS\System32\ucrtbase.dll
0x00007ffff2b00000 - 0x00007ffff2b19000 	c:\Users\ACER\.vscode\extensions\redhat.java-1.24.0-win32-x64\jre\17.0.8.1-win32-x86_64\bin\VCRUNTIME140.dll
0x00007ffff45f0000 - 0x00007ffff4607000 	c:\Users\ACER\.vscode\extensions\redhat.java-1.24.0-win32-x64\jre\17.0.8.1-win32-x86_64\bin\jli.dll
0x00007ff815c40000 - 0x00007ff815ded000 	C:\WINDOWS\System32\USER32.dll
0x00007ff8152d0000 - 0x00007ff8152f6000 	C:\WINDOWS\System32\win32u.dll
0x00007ff815b20000 - 0x00007ff815b49000 	C:\WINDOWS\System32\GDI32.dll
0x00007ff801270000 - 0x00007ff801503000 	C:\WINDOWS\WinSxS\amd64_microsoft.windows.common-controls_6595b64144ccf1df_6.0.22621.2361_none_2712ced57382f843\COMCTL32.dll
0x00007ff8151b0000 - 0x00007ff8152c8000 	C:\WINDOWS\System32\gdi32full.dll
0x00007ff815df0000 - 0x00007ff815e97000 	C:\WINDOWS\System32\msvcrt.dll
0x00007ff815730000 - 0x00007ff8157ca000 	C:\WINDOWS\System32\msvcp_win.dll
0x00007ff8167f0000 - 0x00007ff816821000 	C:\WINDOWS\System32\IMM32.DLL
0x00007ff80ccd0000 - 0x00007ff80ccdc000 	c:\Users\ACER\.vscode\extensions\redhat.java-1.24.0-win32-x64\jre\17.0.8.1-win32-x86_64\bin\vcruntime140_1.dll
0x00007fffe5ca0000 - 0x00007fffe5d31000 	c:\Users\ACER\.vscode\extensions\redhat.java-1.24.0-win32-x64\jre\17.0.8.1-win32-x86_64\bin\msvcp140.dll
0x00007fffe1440000 - 0x00007fffe208c000 	c:\Users\ACER\.vscode\extensions\redhat.java-1.24.0-win32-x64\jre\17.0.8.1-win32-x86_64\bin\server\jvm.dll
0x00007ff816720000 - 0x00007ff8167d0000 	C:\WINDOWS\System32\ADVAPI32.dll
0x00007ff817340000 - 0x00007ff8173e6000 	C:\WINDOWS\System32\sechost.dll
0x00007ff8168b0000 - 0x00007ff8169c7000 	C:\WINDOWS\System32\RPCRT4.dll
0x00007ff814cc0000 - 0x00007ff814d0d000 	C:\WINDOWS\SYSTEM32\POWRPROF.dll
0x00007ff803160000 - 0x00007ff803169000 	C:\WINDOWS\SYSTEM32\WSOCK32.dll
0x00007ff80f100000 - 0x00007ff80f134000 	C:\WINDOWS\SYSTEM32\WINMM.dll
0x00007ff80aee0000 - 0x00007ff80aeea000 	C:\WINDOWS\SYSTEM32\VERSION.dll
0x00007ff816830000 - 0x00007ff8168a1000 	C:\WINDOWS\System32\WS2_32.dll
0x00007ff814ca0000 - 0x00007ff814cb3000 	C:\WINDOWS\SYSTEM32\UMPDC.dll
0x00007ff813dd0000 - 0x00007ff813de8000 	C:\WINDOWS\SYSTEM32\kernel.appcore.dll
0x00007ffffc6b0000 - 0x00007ffffc6ba000 	c:\Users\ACER\.vscode\extensions\redhat.java-1.24.0-win32-x64\jre\17.0.8.1-win32-x86_64\bin\jimage.dll
0x00007ff80d8a0000 - 0x00007ff80dace000 	C:\WINDOWS\SYSTEM32\DBGHELP.DLL
0x00007ff815ea0000 - 0x00007ff81622a000 	C:\WINDOWS\System32\combase.dll
0x00007ff817950000 - 0x00007ff817a27000 	C:\WINDOWS\System32\OLEAUT32.dll
0x00007ff80c990000 - 0x00007ff80c9c2000 	C:\WINDOWS\SYSTEM32\dbgcore.DLL
0x00007ff8156b0000 - 0x00007ff81572a000 	C:\WINDOWS\System32\bcryptPrimitives.dll
0x00007ffff5fd0000 - 0x00007ffff5fde000 	c:\Users\ACER\.vscode\extensions\redhat.java-1.24.0-win32-x64\jre\17.0.8.1-win32-x86_64\bin\instrument.dll
0x00007fffe9820000 - 0x00007fffe9845000 	c:\Users\ACER\.vscode\extensions\redhat.java-1.24.0-win32-x64\jre\17.0.8.1-win32-x86_64\bin\java.dll
0x00007ffff1040000 - 0x00007ffff1058000 	c:\Users\ACER\.vscode\extensions\redhat.java-1.24.0-win32-x64\jre\17.0.8.1-win32-x86_64\bin\zip.dll
0x00007ff816ae0000 - 0x00007ff817338000 	C:\WINDOWS\System32\SHELL32.dll
0x00007ff812d50000 - 0x00007ff813642000 	C:\WINDOWS\SYSTEM32\windows.storage.dll
0x00007ff812c10000 - 0x00007ff812d4e000 	C:\WINDOWS\SYSTEM32\wintypes.dll
0x00007ff8157f0000 - 0x00007ff8158e3000 	C:\WINDOWS\System32\SHCORE.dll
0x00007ff8166c0000 - 0x00007ff81671e000 	C:\WINDOWS\System32\shlwapi.dll
0x00007ff814d20000 - 0x00007ff814d46000 	C:\WINDOWS\SYSTEM32\profapi.dll
0x00007fffef640000 - 0x00007fffef659000 	C:\Users\ACER\.vscode\extensions\redhat.java-1.24.0-win32-x64\jre\17.0.8.1-win32-x86_64\bin\net.dll
0x00007ff80e8e0000 - 0x00007ff80ea17000 	C:\WINDOWS\SYSTEM32\WINHTTP.dll
0x00007ff8142b0000 - 0x00007ff814319000 	C:\WINDOWS\system32\mswsock.dll
0x00007fffef5a0000 - 0x00007fffef5b5000 	C:\Users\ACER\.vscode\extensions\redhat.java-1.24.0-win32-x64\jre\17.0.8.1-win32-x86_64\bin\nio.dll
0x00007ffff5310000 - 0x00007ffff5320000 	c:\Users\ACER\.vscode\extensions\redhat.java-1.24.0-win32-x64\jre\17.0.8.1-win32-x86_64\bin\verify.dll
0x00007fffe3c90000 - 0x00007fffe3cce000 	C:\Users\ACER\AppData\Roaming\Code\User\globalStorage\redhat.java\1.24.0\config_ss_win\org.eclipse.equinox.launcher\org.eclipse.equinox.launcher.win32.win32.x86_64_1.2.700.v20221108-1024\eclipse_11801.dll
0x00007ff817480000 - 0x00007ff81761f000 	C:\WINDOWS\System32\ole32.dll

dbghelp: loaded successfully - version: 4.0.5 - missing functions: none
symbol engine: initialized successfully - sym options: 0x614 - pdb path: .;c:\Users\ACER\.vscode\extensions\redhat.java-1.24.0-win32-x64\jre\17.0.8.1-win32-x86_64\bin;C:\WINDOWS\SYSTEM32;C:\WINDOWS\WinSxS\amd64_microsoft.windows.common-controls_6595b64144ccf1df_6.0.22621.2361_none_2712ced57382f843;c:\Users\ACER\.vscode\extensions\redhat.java-1.24.0-win32-x64\jre\17.0.8.1-win32-x86_64\bin\server;C:\Users\ACER\AppData\Roaming\Code\User\globalStorage\redhat.java\1.24.0\config_ss_win\org.eclipse.equinox.launcher\org.eclipse.equinox.launcher.win32.win32.x86_64_1.2.700.v20221108-1024

VM Arguments:
jvm_args: --add-modules=ALL-SYSTEM --add-opens=java.base/java.util=ALL-UNNAMED --add-opens=java.base/java.lang=ALL-UNNAMED --add-opens=java.base/sun.nio.fs=ALL-UNNAMED -Declipse.application=org.eclipse.jdt.ls.core.id1 -Dosgi.bundles.defaultStartLevel=4 -Declipse.product=org.eclipse.jdt.ls.core.product -Djava.import.generatesMetadataFilesAtProjectRoot=false -DDetectVMInstallationsJob.disabled=true -Dfile.encoding=utf8 -XX:+UseParallelGC -XX:GCTimeRatio=4 -XX:AdaptiveSizePolicyWeight=90 -Dsun.zip.disableMemoryMapping=true -Xmx1G -Xms100m -Xlog:disable -javaagent:c:\Users\ACER\.vscode\extensions\redhat.java-1.24.0-win32-x64\lombok\lombok-1.18.30.jar 
java_command: c:\Users\ACER\.vscode\extensions\redhat.java-1.24.0-win32-x64\server\plugins\org.eclipse.equinox.launcher_1.6.500.v20230717-2134.jar -configuration c:\Users\ACER\AppData\Roaming\Code\User\globalStorage\redhat.java\1.24.0\config_ss_win -data c:\Users\ACER\AppData\Roaming\Code\User\workspaceStorage\2718e3623346e9ab750e71ee6b83b2c8\redhat.java\ss_ws --stdio
java_class_path (initial): c:\Users\ACER\.vscode\extensions\redhat.java-1.24.0-win32-x64\server\plugins\org.eclipse.equinox.launcher_1.6.500.v20230717-2134.jar
Launcher Type: SUN_STANDARD

[Global flags]
    uintx AdaptiveSizePolicyWeight                 = 90                                        {product} {command line}
     intx CICompilerCount                          = 4                                         {product} {ergonomic}
    uintx GCTimeRatio                              = 4                                         {product} {command line}
   size_t InitialHeapSize                          = 104857600                                 {product} {command line}
   size_t MaxHeapSize                              = 1073741824                                {product} {command line}
   size_t MaxNewSize                               = 357564416                                 {product} {ergonomic}
   size_t MinHeapDeltaBytes                        = 524288                                    {product} {ergonomic}
   size_t MinHeapSize                              = 104857600                                 {product} {command line}
   size_t NewSize                                  = 34603008                                  {product} {ergonomic}
    uintx NonNMethodCodeHeapSize                   = 5839372                                {pd product} {ergonomic}
    uintx NonProfiledCodeHeapSize                  = 122909434                              {pd product} {ergonomic}
   size_t OldSize                                  = 70254592                                  {product} {ergonomic}
    uintx ProfiledCodeHeapSize                     = 122909434                              {pd product} {ergonomic}
    uintx ReservedCodeCacheSize                    = 251658240                              {pd product} {ergonomic}
     bool SegmentedCodeCache                       = true                                      {product} {ergonomic}
   size_t SoftMaxHeapSize                          = 1073741824                             {manageable} {ergonomic}
     bool UseCompressedClassPointers               = true                           {product lp64_product} {ergonomic}
     bool UseCompressedOops                        = true                           {product lp64_product} {ergonomic}
     bool UseLargePagesIndividualAllocation        = false                                  {pd product} {ergonomic}
     bool UseParallelGC                            = true                                      {product} {command line}

Logging:
Log output configuration:
 #0: stdout all=off uptime,level,tags
 #1: stderr all=off uptime,level,tags

Environment Variables:
PATH=C:\Program Files\Common Files\Oracle\Java\javapath;C:\Program Files\Python310\Scripts\;C:\Program Files\Python310\;C:\WINDOWS\system32;C:\WINDOWS;C:\WINDOWS\System32\Wbem;C:\WINDOWS\System32\WindowsPowerShell\v1.0\;C:\WINDOWS\System32\OpenSSH\;E:\Git\cmd;C:\Users\ACER\AppData\Local\Microsoft\WindowsApps;C:\Microsoft VS Code\bin;C:\Users\ACER\AppData\Local\GitHubDesktop\bin;C:\Program Files\JetBrains\IntelliJ IDEA Community Edition 2022.3.2\bin;;D:\Semester 3\Keamanan Jaringan Komputer\Nmap
USERNAME=ACER
OS=Windows_NT
PROCESSOR_IDENTIFIER=AMD64 Family 23 Model 104 Stepping 1, AuthenticAMD
TMP=C:\Users\ACER\AppData\Local\Temp
TEMP=C:\Users\ACER\AppData\Local\Temp



---------------  S Y S T E M  ---------------

OS:
 Windows 11 , 64 bit Build 22621 (10.0.22621.2428)
OS uptime: 0 days 4:58 hours

CPU: total 12 (initial active 12) (12 cores per cpu, 2 threads per core) family 23 model 104 stepping 1 microcode 0x0, cx8, cmov, fxsr, ht, mmx, 3dnowpref, sse, sse2, sse3, ssse3, sse4a, sse4.1, sse4.2, popcnt, lzcnt, tsc, tscinvbit, avx, avx2, aes, clmul, bmi1, bmi2, adx, sha, fma, vzeroupper, clflush, clflushopt
Processor Information for processor 0
  Max Mhz: 2100, Current Mhz: 1813, Mhz Limit: 2100
Processor Information for processor 1
  Max Mhz: 2100, Current Mhz: 1893, Mhz Limit: 2100
Processor Information for processor 2
  Max Mhz: 2100, Current Mhz: 1893, Mhz Limit: 2100
Processor Information for processor 3
  Max Mhz: 2100, Current Mhz: 1813, Mhz Limit: 2100
Processor Information for processor 4
  Max Mhz: 2100, Current Mhz: 1893, Mhz Limit: 2100
Processor Information for processor 5
  Max Mhz: 2100, Current Mhz: 1813, Mhz Limit: 2100
Processor Information for processor 6
  Max Mhz: 2100, Current Mhz: 1813, Mhz Limit: 2100
Processor Information for processor 7
  Max Mhz: 2100, Current Mhz: 1893, Mhz Limit: 2100
Processor Information for processor 8
  Max Mhz: 2100, Current Mhz: 1813, Mhz Limit: 2100
Processor Information for processor 9
  Max Mhz: 2100, Current Mhz: 1893, Mhz Limit: 2100
Processor Information for processor 10
  Max Mhz: 2100, Current Mhz: 1893, Mhz Limit: 2100
Processor Information for processor 11
  Max Mhz: 2100, Current Mhz: 1813, Mhz Limit: 2100

Memory: 4k page, system-wide physical 7530M (734M free)
TotalPageFile size 14921M (AvailPageFile size 9M)
current process WorkingSet (physical memory assigned to process): 84M, peak: 84M
current process commit charge ("private bytes"): 212M, peak: 212M

vm_info: OpenJDK 64-Bit Server VM (17.0.8.1+1) for windows-amd64 JRE (17.0.8.1+1), built on Aug 23 2023 15:29:17 by "admin" with MS VC++ 16.7 (VS2019)

END.
